<?xml version="1.0" encoding="UTF-8"?>
<!-- Generated by org.testng.reporters.JUnitXMLReporter -->
<testsuite hostname="bad-PC" ignored="0" name="WenTiClCase07" tests="5" failures="1" timestamp="05 一月 2018 02:52:49 GMT" time="30.773" errors="0">
  <testcase name="zjzxDj" time="23.443" classname="com.core.shijianclcase.WenTiClCase07">
    <failure type="org.openqa.selenium.NoSuchFrameException" message="No frame element found by name or id addWinWindowFrame
Build info: version: &amp;apos;unknown&amp;apos;, revision: &amp;apos;unknown&amp;apos;, time: &amp;apos;unknown&amp;apos;
System info: host: &amp;apos;BAD-PC&amp;apos;, ip: &amp;apos;192.168.71.23&amp;apos;, os.name: &amp;apos;Windows 7&amp;apos;, os.arch: &amp;apos;amd64&amp;apos;, os.version: &amp;apos;6.1&amp;apos;, java.version: &amp;apos;1.8.0_92&amp;apos;
Driver info: driver.version: unknown">
      <![CDATA[org.openqa.selenium.NoSuchFrameException: No frame element found by name or id addWinWindowFrame
Build info: version: 'unknown', revision: 'unknown', time: 'unknown'
System info: host: 'BAD-PC', ip: '192.168.71.23', os.name: 'Windows 7', os.arch: 'amd64', os.version: '6.1', java.version: '1.8.0_92'
Driver info: driver.version: unknown
	at org.openqa.selenium.remote.RemoteWebDriver$RemoteTargetLocator.frame(RemoteWebDriver.java:973)
	at com.core.page.base.AbstractPage.switchToFrame(AbstractPage.java:112)
	at com.core.page.question.DengJiQuestion.zjdengJi(DengJiQuestion.java:213)
	at com.core.shijianclcase.WenTiClCase07.zjzxDj(WenTiClCase07.java:94)
	at sun.reflect.NativeMethodAccessorImpl.invoke0(Native Method)
	at sun.reflect.NativeMethodAccessorImpl.invoke(NativeMethodAccessorImpl.java:62)
	at sun.reflect.DelegatingMethodAccessorImpl.invoke(DelegatingMethodAccessorImpl.java:43)
	at java.lang.reflect.Method.invoke(Method.java:498)
	at org.testng.internal.MethodInvocationHelper.invokeMethod(MethodInvocationHelper.java:108)
	at org.testng.internal.Invoker.invokeMethod(Invoker.java:661)
	at org.testng.internal.Invoker.invokeTestMethod(Invoker.java:869)
	at org.testng.internal.Invoker.invokeTestMethods(Invoker.java:1193)
	at org.testng.internal.TestMethodWorker.invokeTestMethods(TestMethodWorker.java:126)
	at org.testng.internal.TestMethodWorker.run(TestMethodWorker.java:109)
	at org.testng.TestRunner.privateRun(TestRunner.java:744)
	at org.testng.TestRunner.run(TestRunner.java:602)
	at org.testng.SuiteRunner.runTest(SuiteRunner.java:380)
	at org.testng.SuiteRunner.runSequentially(SuiteRunner.java:375)
	at org.testng.SuiteRunner.privateRun(SuiteRunner.java:340)
	at org.testng.SuiteRunner.run(SuiteRunner.java:289)
	at org.testng.SuiteRunnerWorker.runSuite(SuiteRunnerWorker.java:52)
	at org.testng.SuiteRunnerWorker.run(SuiteRunnerWorker.java:86)
	at org.testng.TestNG.runSuitesSequentially(TestNG.java:1301)
	at org.testng.TestNG.runSuitesLocally(TestNG.java:1226)
	at org.testng.TestNG.runSuites(TestNG.java:1144)
	at org.testng.TestNG.run(TestNG.java:1115)
	at org.testng.remote.AbstractRemoteTestNG.run(AbstractRemoteTestNG.java:132)
	at org.testng.remote.RemoteTestNG.initAndRun(RemoteTestNG.java:230)
	at org.testng.remote.RemoteTestNG.main(RemoteTestNG.java:76)
]]>
    </failure>
  </testcase> <!-- zjzxDj -->
  <testcase name="pqz1" time="0.0" classname="com.core.shijianclcase.WenTiClCase07">
    <skipped/>
  </testcase> <!-- pqz1 -->
  <testcase name="znb1" time="0.0" classname="com.core.shijianclcase.WenTiClCase07">
    <skipped/>
  </testcase> <!-- znb1 -->
  <testcase name="wgz2" time="0.0" classname="com.core.shijianclcase.WenTiClCase07">
    <skipped/>
  </testcase> <!-- wgz2 -->
  <testcase name="zjzx2" time="0.0" classname="com.core.shijianclcase.WenTiClCase07">
    <skipped/>
  </testcase> <!-- zjzx2 -->
</testsuite> <!-- WenTiClCase07 -->
