<!DOCTYPE html PUBLIC "-//W3C//DTD XHTML 1.1//EN" "http://www.w3.org/TR/xhtml11/DTD/xhtml11.dtd">
<html xmlns="http://www.w3.org/1999/xhtml"><head><title>TestNG Report</title><style type="text/css">table {margin-bottom:10px;border-collapse:collapse;empty-cells:show}th,td {border:1px solid #009;padding:.25em .5em}th {vertical-align:bottom}td {vertical-align:top}table a {font-weight:bold}.stripe td {background-color: #E6EBF9}.num {text-align:right}.passedodd td {background-color: #3F3}.passedeven td {background-color: #0A0}.skippedodd td {background-color: #DDD}.skippedeven td {background-color: #CCC}.failedodd td,.attn {background-color: #F33}.failedeven td,.stripe .attn {background-color: #D00}.stacktrace {white-space:pre;font-family:monospace}.totop {font-size:85%;text-align:center;border-bottom:2px solid #000}</style></head><body><table><tr><th>Test</th><th># Passed</th><th># Skipped</th><th># Failed</th><th>Time (ms)</th><th>Included Groups</th><th>Excluded Groups</th></tr><tr><th colspan="7">renwuclcase</th></tr><tr><td><a href="#t0">RenWuClCase01</a></td><td class="num">0</td><td class="num">0</td><td class="num attn">5</td><td class="num">50,286</td><td></td><td></td></tr><tr class="stripe"><td><a href="#t1">RenWuClCase02</a></td><td class="num">5</td><td class="num">0</td><td class="num">0</td><td class="num">178,293</td><td></td><td></td></tr><tr><td><a href="#t2">RenWuClCase03</a></td><td class="num">4</td><td class="num">0</td><td class="num">0</td><td class="num">139,455</td><td></td><td></td></tr><tr class="stripe"><td><a href="#t3">RenWuClCase04</a></td><td class="num">4</td><td class="num">0</td><td class="num">0</td><td class="num">137,350</td><td></td><td></td></tr><tr><td><a href="#t4">RenWuClCase05</a></td><td class="num">3</td><td class="num">0</td><td class="num">0</td><td class="num">115,233</td><td></td><td></td></tr><tr class="stripe"><td><a href="#t5">RenWuClCase06</a></td><td class="num">4</td><td class="num">0</td><td class="num">0</td><td class="num">117,090</td><td></td><td></td></tr><tr><td><a href="#t6">RenWuClCase07</a></td><td class="num">5</td><td class="num">0</td><td class="num">0</td><td class="num">141,011</td><td></td><td></td></tr><tr class="stripe"><td><a href="#t7">RenWuClCase08</a></td><td class="num">6</td><td class="num">0</td><td class="num">0</td><td class="num">161,317</td><td></td><td></td></tr><tr><td><a href="#t8">RenWuClCase09</a></td><td class="num">3</td><td class="num">0</td><td class="num">0</td><td class="num">100,093</td><td></td><td></td></tr><tr class="stripe"><td><a href="#t9">RenWuClCase10</a></td><td class="num">4</td><td class="num">0</td><td class="num">0</td><td class="num">123,953</td><td></td><td></td></tr><tr><td><a href="#t10">RenWuClCase11</a></td><td class="num">4</td><td class="num">0</td><td class="num attn">1</td><td class="num">121,165</td><td></td><td></td></tr><tr class="stripe"><td><a href="#t11">RenWuClCase12</a></td><td class="num">1</td><td class="num">0</td><td class="num attn">2</td><td class="num">62,330</td><td></td><td></td></tr><tr><td><a href="#t12">RenWuClCase13</a></td><td class="num">6</td><td class="num">0</td><td class="num">0</td><td class="num">203,434</td><td></td><td></td></tr><tr><th>Total</th><th class="num">49</th><th class="num">0</th><th class="num attn">8</th><th class="num">1,651,010</th><th colspan="2"></th></tr></table><table id='summary'><thead><tr><th>Class</th><th>Method</th><th>Start</th><th>Time (ms)</th></tr></thead><tbody><tr><th colspan="4">renwuclcase</th></tr></tbody><tbody id="t0"><tr><th colspan="4">RenWuClCase01 &#8212; failed</th></tr><tr class="failedeven"><td rowspan="5">com.core.renwuclcase.RenWuClCase02</td><td><a href="#m0">qxldShenHe_feiJinJi</a></td><td rowspan="1">1502269409483</td><td rowspan="1">30064</td></tr><tr class="failedeven"><td><a href="#m1">ywbgsChuLi_feiJinJi</a></td><td rowspan="1">1502269439552</td><td rowspan="1">3052</td></tr><tr class="failedeven"><td><a href="#m2">ywldRenWuJiaoBanzc_feiJinJi</a></td><td rowspan="1">1502269442608</td><td rowspan="1">3032</td></tr><tr class="failedeven"><td><a href="#m3">ywzxChuLi_feiJinJi</a></td><td rowspan="1">1502269445644</td><td rowspan="1">3085</td></tr><tr class="failedeven"><td><a href="#m4">zjzxChuLi_feiJinJi</a></td><td rowspan="1">1502269448731</td><td rowspan="1">3064</td></tr></tbody><tbody id="t1"><tr><th colspan="4">RenWuClCase02 &#8212; passed</th></tr><tr class="passedeven"><td rowspan="5">com.core.renwuclcase.RenWuClCase02</td><td><a href="#m5">qxldShenHe_feiJinJi</a></td><td rowspan="1">1502269587313</td><td rowspan="1">42821</td></tr><tr class="passedeven"><td><a href="#m6">ywbgsChuLi_feiJinJi</a></td><td rowspan="1">1502269511721</td><td rowspan="1">19851</td></tr><tr class="passedeven"><td><a href="#m7">ywldRenWuJiaoBanzc_feiJinJi</a></td><td rowspan="1">1502269460259</td><td rowspan="1">51461</td></tr><tr class="passedeven"><td><a href="#m8">ywzxChuLi_feiJinJi</a></td><td rowspan="1">1502269531573</td><td rowspan="1">36948</td></tr><tr class="passedeven"><td><a href="#m9">zjzxChuLi_feiJinJi</a></td><td rowspan="1">1502269568521</td><td rowspan="1">18791</td></tr></tbody><tbody id="t2"><tr><th colspan="4">RenWuClCase03 &#8212; passed</th></tr><tr class="passedeven"><td rowspan="4">com.core.renwuclcase.RenWuClCase03</td><td><a href="#m10">qxldShenHe_JinJi</a></td><td rowspan="1">1502269725070</td><td rowspan="1">42306</td></tr><tr class="passedeven"><td><a href="#m11">ywldRenWuJiaoBantj_JinJi</a></td><td rowspan="1">1502269637961</td><td rowspan="1">37916</td></tr><tr class="passedeven"><td><a href="#m12">ywzxChuLi_JinJi</a></td><td rowspan="1">1502269675878</td><td rowspan="1">30184</td></tr><tr class="passedeven"><td><a href="#m13">zjzxChuLi_JinJi</a></td><td rowspan="1">1502269706062</td><td rowspan="1">19006</td></tr></tbody><tbody id="t3"><tr><th colspan="4">RenWuClCase04 &#8212; passed</th></tr><tr class="passedeven"><td rowspan="4">com.core.renwuclcase.RenWuClCase04</td><td><a href="#m14">qxznbShenHe</a></td><td rowspan="1">1502269865018</td><td rowspan="1">42032</td></tr><tr class="passedeven"><td><a href="#m15">ywznbRenWuJiaoBantj</a></td><td rowspan="1">1502269777477</td><td rowspan="1">38729</td></tr><tr class="passedeven"><td><a href="#m16">ywzxChuLi</a></td><td rowspan="1">1502269816208</td><td rowspan="1">30241</td></tr><tr class="passedeven"><td><a href="#m17">zjzxChuLi</a></td><td rowspan="1">1502269846450</td><td rowspan="1">18568</td></tr></tbody><tbody id="t4"><tr><th colspan="4">RenWuClCase05 &#8212; passed</th></tr><tr class="passedeven"><td rowspan="3">com.core.renwuclcase.RenWuClCase05</td><td><a href="#m18">qxzxRenWuJiaoBantj</a></td><td rowspan="1">1502269914530</td><td rowspan="1">40588</td></tr><tr class="passedeven"><td><a href="#m19">qxzxShenHe</a></td><td rowspan="1">1502269973667</td><td rowspan="1">48646</td></tr><tr class="passedeven"><td><a href="#m20">zjzxChuLi</a></td><td rowspan="1">1502269955119</td><td rowspan="1">18547</td></tr></tbody><tbody id="t5"><tr><th colspan="4">RenWuClCase06 &#8212; passed</th></tr><tr class="passedeven"><td rowspan="4">com.core.renwuclcase.RenWuClCase06</td><td><a href="#m21">wgzChuLi</a></td><td rowspan="1">1502270068780</td><td rowspan="1">36637</td></tr><tr class="passedeven"><td><a href="#m22">zjznbRenWuJiaoBantj</a></td><td rowspan="1">1502270030262</td><td rowspan="1">18053</td></tr><tr class="passedeven"><td><a href="#m23">zjznbShenHe</a></td><td rowspan="1">1502270105418</td><td rowspan="1">34002</td></tr><tr class="passedeven"><td><a href="#m24">zjzxChuLi</a></td><td rowspan="1">1502270048316</td><td rowspan="1">20463</td></tr></tbody><tbody id="t6"><tr><th colspan="4">RenWuClCase07 &#8212; passed</th></tr><tr class="passedeven"><td rowspan="5">com.core.renwuclcase.RenWuClCase07</td><td><a href="#m25">pqzShenHe</a></td><td rowspan="1">1502270222880</td><td rowspan="1">23858</td></tr><tr class="passedeven"><td><a href="#m26">wgzChuLi</a></td><td rowspan="1">1502270186072</td><td rowspan="1">36807</td></tr><tr class="passedeven"><td><a href="#m27">zjznbRenWuJiaoBantj</a></td><td rowspan="1">1502270146811</td><td rowspan="1">19117</td></tr><tr class="passedeven"><td><a href="#m28">zjznbShenHe</a></td><td rowspan="1">1502270246739</td><td rowspan="1">33757</td></tr><tr class="passedeven"><td><a href="#m29">zjzxChuLi</a></td><td rowspan="1">1502270165929</td><td rowspan="1">20143</td></tr></tbody><tbody id="t7"><tr><th colspan="4">RenWuClCase08 &#8212; passed</th></tr><tr class="passedeven"><td rowspan="6">com.core.renwuclcase.RenWuClCase08</td><td><a href="#m30">pqzChuLi</a></td><td rowspan="1">1502270327450</td><td rowspan="1">19306</td></tr><tr class="passedeven"><td><a href="#m31">pqzShenHe</a></td><td rowspan="1">1502270383369</td><td rowspan="1">24515</td></tr><tr class="passedeven"><td><a href="#m32">wgzChuLi</a></td><td rowspan="1">1502270346757</td><td rowspan="1">36611</td></tr><tr class="passedeven"><td><a href="#m33">zjznbRenWuJiaoBantj</a></td><td rowspan="1">1502270288469</td><td rowspan="1">19339</td></tr><tr class="passedeven"><td><a href="#m34">zjznbShenHe</a></td><td rowspan="1">1502270407886</td><td rowspan="1">34070</td></tr><tr class="passedeven"><td><a href="#m35">zjzxChuLi</a></td><td rowspan="1">1502270307808</td><td rowspan="1">19641</td></tr></tbody><tbody id="t8"><tr><th colspan="4">RenWuClCase09 &#8212; passed</th></tr><tr class="passedeven"><td rowspan="3">com.core.renwuclcase.RenWuClCase09</td><td><a href="#m36">wgzChuLi</a></td><td rowspan="1">1502270469848</td><td rowspan="1">38354</td></tr><tr class="passedeven"><td><a href="#m37">zjzxRenWuJiaoBantj</a></td><td rowspan="1">1502270450684</td><td rowspan="1">19163</td></tr><tr class="passedeven"><td><a href="#m38">zjzxShenHe</a></td><td rowspan="1">1502270508203</td><td rowspan="1">33884</td></tr></tbody><tbody id="t9"><tr><th colspan="4">RenWuClCase10 &#8212; passed</th></tr><tr class="passedeven"><td rowspan="4">com.core.renwuclcase.RenWuClCase10</td><td><a href="#m39">pqzShenHe</a></td><td rowspan="1">1502270607855</td><td rowspan="1">24236</td></tr><tr class="passedeven"><td><a href="#m40">wgzChuLi</a></td><td rowspan="1">1502270571160</td><td rowspan="1">36694</td></tr><tr class="passedeven"><td><a href="#m41">zjzxRenWuJiaoBantj</a></td><td rowspan="1">1502270551071</td><td rowspan="1">20089</td></tr><tr class="passedeven"><td><a href="#m42">zjzxShenHe</a></td><td rowspan="1">1502270632092</td><td rowspan="1">33979</td></tr></tbody><tbody id="t10"><tr><th colspan="4">RenWuClCase11 &#8212; failed</th></tr><tr class="failedeven"><td rowspan="1">com.core.renwuclcase.RenWuClCase11</td><td><a href="#m43">zjzxShenHe</a></td><td rowspan="1">1502270778378</td><td rowspan="1">8929</td></tr><tr><th colspan="4">RenWuClCase11 &#8212; passed</th></tr><tr class="passedeven"><td rowspan="4">com.core.renwuclcase.RenWuClCase11</td><td><a href="#m44">pqzChuLi</a></td><td rowspan="1">1502270696731</td><td rowspan="1">19836</td></tr><tr class="passedeven"><td><a href="#m45">pqzShenHe</a></td><td rowspan="1">1502270753432</td><td rowspan="1">24944</td></tr><tr class="passedeven"><td><a href="#m46">wgzChuLi</a></td><td rowspan="1">1502270716567</td><td rowspan="1">36864</td></tr><tr class="passedeven"><td><a href="#m47">zjzxRenWuJiaoBantj</a></td><td rowspan="1">1502270674791</td><td rowspan="1">21939</td></tr></tbody><tbody id="t11"><tr><th colspan="4">RenWuClCase12 &#8212; failed</th></tr><tr class="failedeven"><td rowspan="2">com.core.renwuclcase.RenWuClCase12</td><td><a href="#m48">pqzShenHe</a></td><td rowspan="1">1502270846647</td><td rowspan="1">3038</td></tr><tr class="failedeven"><td><a href="#m49">wgzChuLi</a></td><td rowspan="1">1502270816365</td><td rowspan="1">30282</td></tr><tr><th colspan="4">RenWuClCase12 &#8212; passed</th></tr><tr class="passedeven"><td rowspan="1">com.core.renwuclcase.RenWuClCase12</td><td><a href="#m50">pqzRenWuJiaoBantj</a></td><td rowspan="1">1502270795066</td><td rowspan="1">21299</td></tr></tbody><tbody id="t12"><tr><th colspan="4">RenWuClCase13 &#8212; passed</th></tr><tr class="passedeven"><td rowspan="6">com.core.renwuclcase.RenWuClCase13</td><td><a href="#m51">qxzxRenWuJiaoBantj</a></td><td rowspan="1">1502270856735</td><td rowspan="1">40070</td></tr><tr class="passedeven"><td><a href="#m52">qxzxShenHe</a></td><td rowspan="1">1502271011214</td><td rowspan="1">41951</td></tr><tr class="passedeven"><td><a href="#m53">wgzChuLi</a></td><td rowspan="1">1502270921945</td><td rowspan="1">36595</td></tr><tr class="passedeven"><td><a href="#m54">zjzxChuLi</a></td><td rowspan="1">1502270992782</td><td rowspan="1">18431</td></tr><tr class="passedeven"><td><a href="#m55">zjzxShenHe</a></td><td rowspan="1">1502270958541</td><td rowspan="1">34241</td></tr><tr class="passedeven"><td><a href="#m56">zjzxXiaFa</a></td><td rowspan="1">1502270896806</td><td rowspan="1">25138</td></tr></tbody></table><h2>RenWuClCase01</h2><h3 id="m0">com.core.renwuclcase.RenWuClCase02#qxldShenHe_feiJinJi</h3><table class="result"><tr><th>Exception</th></tr><tr><td><div class="stacktrace">org.openqa.selenium.NoSuchElementException: no such element: Unable to locate element: {&quot;method&quot;:&quot;xpath&quot;,&quot;selector&quot;:&quot;//*[@class=&quot;datagrid-btable&quot;]/tbody/tr[1]/td[2]/div/span&quot;}
  (Session info: chrome=59.0.3071.86)
  (Driver info: chromedriver=2.30.477700 (0057494ad8732195794a7b32078424f92a5fce41),platform=Windows NT 6.1.7600 x86_64) (WARNING: The server did not provide any stacktrace information)
Command duration or timeout: 3.05 seconds
For documentation on this error, please visit: http://seleniumhq.org/exceptions/no_such_element.html
Build info: version: &apos;unknown&apos;, revision: &apos;unknown&apos;, time: &apos;unknown&apos;
System info: host: &apos;BAD-PC&apos;, ip: &apos;192.168.71.23&apos;, os.name: &apos;Windows 7&apos;, os.arch: &apos;amd64&apos;, os.version: &apos;6.1&apos;, java.version: &apos;1.8.0_92&apos;
Driver info: org.openqa.selenium.chrome.ChromeDriver
Capabilities [{applicationCacheEnabled=false, rotatable=false, mobileEmulationEnabled=false, networkConnectionEnabled=false, chrome={chromedriverVersion=2.30.477700 (0057494ad8732195794a7b32078424f92a5fce41), userDataDir=C:\Users\ADMINI~1\AppData\Local\Temp\scoped_dir6752_12318}, takesHeapSnapshot=true, pageLoadStrategy=normal, databaseEnabled=false, handlesAlerts=true, hasTouchScreen=false, version=59.0.3071.86, platform=XP, browserConnectionEnabled=false, nativeEvents=true, acceptSslCerts=true, locationContextEnabled=true, webStorageEnabled=true, browserName=chrome, takesScreenshot=true, javascriptEnabled=true, cssSelectorsEnabled=true, unexpectedAlertBehaviour=}]
Session ID: ce546afa8ac8ba60166fbcd78bc7061d
*** Element info: {Using=xpath, value=//*[@class=&quot;datagrid-btable&quot;]/tbody/tr[1]/td[2]/div/span}
	at sun.reflect.NativeConstructorAccessorImpl.newInstance0(Native Method)
	at sun.reflect.NativeConstructorAccessorImpl.newInstance(NativeConstructorAccessorImpl.java:62)
	at sun.reflect.DelegatingConstructorAccessorImpl.newInstance(DelegatingConstructorAccessorImpl.java:45)
	at java.lang.reflect.Constructor.newInstance(Constructor.java:423)
	at org.openqa.selenium.remote.ErrorHandler.createThrowable(ErrorHandler.java:215)
	at org.openqa.selenium.remote.ErrorHandler.throwIfResponseFailed(ErrorHandler.java:167)
	at org.openqa.selenium.remote.RemoteWebDriver.execute(RemoteWebDriver.java:671)
	at org.openqa.selenium.remote.RemoteWebDriver.findElement(RemoteWebDriver.java:410)
	at org.openqa.selenium.remote.RemoteWebDriver.findElementByXPath(RemoteWebDriver.java:509)
	at org.openqa.selenium.By$ByXPath.findElement(By.java:361)
	at org.openqa.selenium.remote.RemoteWebDriver.findElement(RemoteWebDriver.java:402)
	at com.core.webdriver.CoreBrowser.findElement(CoreBrowser.java:32)
	at com.core.page.base.AbstractPage.getWebElementByXpath(AbstractPage.java:60)
	at com.core.page.task.DclTask.getTaskBiaoTi(DclTask.java:34)
	at com.core.page.task.DclTask.findbybiaoti(DclTask.java:90)
	at com.core.renwuclcase.RenWuClCase02.qxldShenHe_feiJinJi(RenWuClCase02.java:190)
	at sun.reflect.NativeMethodAccessorImpl.invoke0(Native Method)
	at sun.reflect.NativeMethodAccessorImpl.invoke(NativeMethodAccessorImpl.java:62)
	at sun.reflect.DelegatingMethodAccessorImpl.invoke(DelegatingMethodAccessorImpl.java:43)
	at java.lang.reflect.Method.invoke(Method.java:498)
	at org.testng.internal.MethodInvocationHelper.invokeMethod(MethodInvocationHelper.java:108)
	at org.testng.internal.Invoker.invokeMethod(Invoker.java:661)
	at org.testng.internal.Invoker.invokeTestMethod(Invoker.java:869)
	at org.testng.internal.Invoker.invokeTestMethods(Invoker.java:1193)
	at org.testng.internal.TestMethodWorker.invokeTestMethods(TestMethodWorker.java:126)
	at org.testng.internal.TestMethodWorker.run(TestMethodWorker.java:109)
	at org.testng.TestRunner.privateRun(TestRunner.java:744)
	at org.testng.TestRunner.run(TestRunner.java:602)
	at org.testng.SuiteRunner.runTest(SuiteRunner.java:380)
	at org.testng.SuiteRunner.runSequentially(SuiteRunner.java:375)
	at org.testng.SuiteRunner.privateRun(SuiteRunner.java:340)
	at org.testng.SuiteRunner.run(SuiteRunner.java:289)
	at org.testng.SuiteRunnerWorker.runSuite(SuiteRunnerWorker.java:52)
	at org.testng.SuiteRunnerWorker.run(SuiteRunnerWorker.java:86)
	at org.testng.TestNG.runSuitesSequentially(TestNG.java:1301)
	at org.testng.TestNG.runSuitesLocally(TestNG.java:1226)
	at org.testng.TestNG.runSuites(TestNG.java:1144)
	at org.testng.TestNG.run(TestNG.java:1115)
	at org.testng.remote.AbstractRemoteTestNG.run(AbstractRemoteTestNG.java:132)
	at org.testng.remote.RemoteTestNG.initAndRun(RemoteTestNG.java:230)
	at org.testng.remote.RemoteTestNG.main(RemoteTestNG.java:76)
</div></td></tr></table><p class="totop"><a href="#summary">back to summary</a></p><h3 id="m1">com.core.renwuclcase.RenWuClCase02#ywbgsChuLi_feiJinJi</h3><table class="result"><tr><th>Exception</th></tr><tr><td><div class="stacktrace">org.openqa.selenium.NoSuchElementException: no such element: Unable to locate element: {&quot;method&quot;:&quot;name&quot;,&quot;selector&quot;:&quot;username&quot;}
  (Session info: chrome=59.0.3071.86)
  (Driver info: chromedriver=2.30.477700 (0057494ad8732195794a7b32078424f92a5fce41),platform=Windows NT 6.1.7600 x86_64) (WARNING: The server did not provide any stacktrace information)
Command duration or timeout: 3.05 seconds
For documentation on this error, please visit: http://seleniumhq.org/exceptions/no_such_element.html
Build info: version: &apos;unknown&apos;, revision: &apos;unknown&apos;, time: &apos;unknown&apos;
System info: host: &apos;BAD-PC&apos;, ip: &apos;192.168.71.23&apos;, os.name: &apos;Windows 7&apos;, os.arch: &apos;amd64&apos;, os.version: &apos;6.1&apos;, java.version: &apos;1.8.0_92&apos;
Driver info: org.openqa.selenium.chrome.ChromeDriver
Capabilities [{applicationCacheEnabled=false, rotatable=false, mobileEmulationEnabled=false, networkConnectionEnabled=false, chrome={chromedriverVersion=2.30.477700 (0057494ad8732195794a7b32078424f92a5fce41), userDataDir=C:\Users\ADMINI~1\AppData\Local\Temp\scoped_dir6752_12318}, takesHeapSnapshot=true, pageLoadStrategy=normal, databaseEnabled=false, handlesAlerts=true, hasTouchScreen=false, version=59.0.3071.86, platform=XP, browserConnectionEnabled=false, nativeEvents=true, acceptSslCerts=true, locationContextEnabled=true, webStorageEnabled=true, browserName=chrome, takesScreenshot=true, javascriptEnabled=true, cssSelectorsEnabled=true, unexpectedAlertBehaviour=}]
Session ID: ce546afa8ac8ba60166fbcd78bc7061d
*** Element info: {Using=name, value=username}
	at sun.reflect.NativeConstructorAccessorImpl.newInstance0(Native Method)
	at sun.reflect.NativeConstructorAccessorImpl.newInstance(NativeConstructorAccessorImpl.java:62)
	at sun.reflect.DelegatingConstructorAccessorImpl.newInstance(DelegatingConstructorAccessorImpl.java:45)
	at java.lang.reflect.Constructor.newInstance(Constructor.java:423)
	at org.openqa.selenium.remote.ErrorHandler.createThrowable(ErrorHandler.java:215)
	at org.openqa.selenium.remote.ErrorHandler.throwIfResponseFailed(ErrorHandler.java:167)
	at org.openqa.selenium.remote.RemoteWebDriver.execute(RemoteWebDriver.java:671)
	at org.openqa.selenium.remote.RemoteWebDriver.findElement(RemoteWebDriver.java:410)
	at org.openqa.selenium.remote.RemoteWebDriver.findElementByName(RemoteWebDriver.java:485)
	at org.openqa.selenium.By$ByName.findElement(By.java:303)
	at org.openqa.selenium.remote.RemoteWebDriver.findElement(RemoteWebDriver.java:402)
	at com.core.webdriver.CoreBrowser.findElement(CoreBrowser.java:32)
	at com.core.page.base.AbstractPage.setInputByName(AbstractPage.java:64)
	at com.core.page.LoginPage.setUserName(LoginPage.java:13)
	at com.core.page.LoginPage.login(LoginPage.java:25)
	at com.core.renwuclcase.RenWuClCase02.ywbgsChuLi_feiJinJi(RenWuClCase02.java:102)
	at sun.reflect.NativeMethodAccessorImpl.invoke0(Native Method)
	at sun.reflect.NativeMethodAccessorImpl.invoke(NativeMethodAccessorImpl.java:62)
	at sun.reflect.DelegatingMethodAccessorImpl.invoke(DelegatingMethodAccessorImpl.java:43)
	at java.lang.reflect.Method.invoke(Method.java:498)
	at org.testng.internal.MethodInvocationHelper.invokeMethod(MethodInvocationHelper.java:108)
	at org.testng.internal.Invoker.invokeMethod(Invoker.java:661)
	at org.testng.internal.Invoker.invokeTestMethod(Invoker.java:869)
	at org.testng.internal.Invoker.invokeTestMethods(Invoker.java:1193)
	at org.testng.internal.TestMethodWorker.invokeTestMethods(TestMethodWorker.java:126)
	at org.testng.internal.TestMethodWorker.run(TestMethodWorker.java:109)
	at org.testng.TestRunner.privateRun(TestRunner.java:744)
	at org.testng.TestRunner.run(TestRunner.java:602)
	at org.testng.SuiteRunner.runTest(SuiteRunner.java:380)
	at org.testng.SuiteRunner.runSequentially(SuiteRunner.java:375)
	at org.testng.SuiteRunner.privateRun(SuiteRunner.java:340)
	at org.testng.SuiteRunner.run(SuiteRunner.java:289)
	at org.testng.SuiteRunnerWorker.runSuite(SuiteRunnerWorker.java:52)
	at org.testng.SuiteRunnerWorker.run(SuiteRunnerWorker.java:86)
	at org.testng.TestNG.runSuitesSequentially(TestNG.java:1301)
	at org.testng.TestNG.runSuitesLocally(TestNG.java:1226)
	at org.testng.TestNG.runSuites(TestNG.java:1144)
	at org.testng.TestNG.run(TestNG.java:1115)
	at org.testng.remote.AbstractRemoteTestNG.run(AbstractRemoteTestNG.java:132)
	at org.testng.remote.RemoteTestNG.initAndRun(RemoteTestNG.java:230)
	at org.testng.remote.RemoteTestNG.main(RemoteTestNG.java:76)
</div></td></tr></table><p class="totop"><a href="#summary">back to summary</a></p><h3 id="m2">com.core.renwuclcase.RenWuClCase02#ywldRenWuJiaoBanzc_feiJinJi</h3><table class="result"><tr><th>Exception</th></tr><tr><td><div class="stacktrace">org.openqa.selenium.NoSuchElementException: no such element: Unable to locate element: {&quot;method&quot;:&quot;name&quot;,&quot;selector&quot;:&quot;username&quot;}
  (Session info: chrome=59.0.3071.86)
  (Driver info: chromedriver=2.30.477700 (0057494ad8732195794a7b32078424f92a5fce41),platform=Windows NT 6.1.7600 x86_64) (WARNING: The server did not provide any stacktrace information)
Command duration or timeout: 3.03 seconds
For documentation on this error, please visit: http://seleniumhq.org/exceptions/no_such_element.html
Build info: version: &apos;unknown&apos;, revision: &apos;unknown&apos;, time: &apos;unknown&apos;
System info: host: &apos;BAD-PC&apos;, ip: &apos;192.168.71.23&apos;, os.name: &apos;Windows 7&apos;, os.arch: &apos;amd64&apos;, os.version: &apos;6.1&apos;, java.version: &apos;1.8.0_92&apos;
Driver info: org.openqa.selenium.chrome.ChromeDriver
Capabilities [{applicationCacheEnabled=false, rotatable=false, mobileEmulationEnabled=false, networkConnectionEnabled=false, chrome={chromedriverVersion=2.30.477700 (0057494ad8732195794a7b32078424f92a5fce41), userDataDir=C:\Users\ADMINI~1\AppData\Local\Temp\scoped_dir6752_12318}, takesHeapSnapshot=true, pageLoadStrategy=normal, databaseEnabled=false, handlesAlerts=true, hasTouchScreen=false, version=59.0.3071.86, platform=XP, browserConnectionEnabled=false, nativeEvents=true, acceptSslCerts=true, locationContextEnabled=true, webStorageEnabled=true, browserName=chrome, takesScreenshot=true, javascriptEnabled=true, cssSelectorsEnabled=true, unexpectedAlertBehaviour=}]
Session ID: ce546afa8ac8ba60166fbcd78bc7061d
*** Element info: {Using=name, value=username}
	at sun.reflect.NativeConstructorAccessorImpl.newInstance0(Native Method)
	at sun.reflect.NativeConstructorAccessorImpl.newInstance(NativeConstructorAccessorImpl.java:62)
	at sun.reflect.DelegatingConstructorAccessorImpl.newInstance(DelegatingConstructorAccessorImpl.java:45)
	at java.lang.reflect.Constructor.newInstance(Constructor.java:423)
	at org.openqa.selenium.remote.ErrorHandler.createThrowable(ErrorHandler.java:215)
	at org.openqa.selenium.remote.ErrorHandler.throwIfResponseFailed(ErrorHandler.java:167)
	at org.openqa.selenium.remote.RemoteWebDriver.execute(RemoteWebDriver.java:671)
	at org.openqa.selenium.remote.RemoteWebDriver.findElement(RemoteWebDriver.java:410)
	at org.openqa.selenium.remote.RemoteWebDriver.findElementByName(RemoteWebDriver.java:485)
	at org.openqa.selenium.By$ByName.findElement(By.java:303)
	at org.openqa.selenium.remote.RemoteWebDriver.findElement(RemoteWebDriver.java:402)
	at com.core.webdriver.CoreBrowser.findElement(CoreBrowser.java:32)
	at com.core.page.base.AbstractPage.setInputByName(AbstractPage.java:64)
	at com.core.page.LoginPage.setUserName(LoginPage.java:13)
	at com.core.page.LoginPage.login(LoginPage.java:25)
	at com.core.renwuclcase.RenWuClCase02.ywldRenWuJiaoBanzc_feiJinJi(RenWuClCase02.java:70)
	at sun.reflect.NativeMethodAccessorImpl.invoke0(Native Method)
	at sun.reflect.NativeMethodAccessorImpl.invoke(NativeMethodAccessorImpl.java:62)
	at sun.reflect.DelegatingMethodAccessorImpl.invoke(DelegatingMethodAccessorImpl.java:43)
	at java.lang.reflect.Method.invoke(Method.java:498)
	at org.testng.internal.MethodInvocationHelper.invokeMethod(MethodInvocationHelper.java:108)
	at org.testng.internal.Invoker.invokeMethod(Invoker.java:661)
	at org.testng.internal.Invoker.invokeTestMethod(Invoker.java:869)
	at org.testng.internal.Invoker.invokeTestMethods(Invoker.java:1193)
	at org.testng.internal.TestMethodWorker.invokeTestMethods(TestMethodWorker.java:126)
	at org.testng.internal.TestMethodWorker.run(TestMethodWorker.java:109)
	at org.testng.TestRunner.privateRun(TestRunner.java:744)
	at org.testng.TestRunner.run(TestRunner.java:602)
	at org.testng.SuiteRunner.runTest(SuiteRunner.java:380)
	at org.testng.SuiteRunner.runSequentially(SuiteRunner.java:375)
	at org.testng.SuiteRunner.privateRun(SuiteRunner.java:340)
	at org.testng.SuiteRunner.run(SuiteRunner.java:289)
	at org.testng.SuiteRunnerWorker.runSuite(SuiteRunnerWorker.java:52)
	at org.testng.SuiteRunnerWorker.run(SuiteRunnerWorker.java:86)
	at org.testng.TestNG.runSuitesSequentially(TestNG.java:1301)
	at org.testng.TestNG.runSuitesLocally(TestNG.java:1226)
	at org.testng.TestNG.runSuites(TestNG.java:1144)
	at org.testng.TestNG.run(TestNG.java:1115)
	at org.testng.remote.AbstractRemoteTestNG.run(AbstractRemoteTestNG.java:132)
	at org.testng.remote.RemoteTestNG.initAndRun(RemoteTestNG.java:230)
	at org.testng.remote.RemoteTestNG.main(RemoteTestNG.java:76)
</div></td></tr></table><p class="totop"><a href="#summary">back to summary</a></p><h3 id="m3">com.core.renwuclcase.RenWuClCase02#ywzxChuLi_feiJinJi</h3><table class="result"><tr><th>Exception</th></tr><tr><td><div class="stacktrace">org.openqa.selenium.NoSuchElementException: no such element: Unable to locate element: {&quot;method&quot;:&quot;name&quot;,&quot;selector&quot;:&quot;username&quot;}
  (Session info: chrome=59.0.3071.86)
  (Driver info: chromedriver=2.30.477700 (0057494ad8732195794a7b32078424f92a5fce41),platform=Windows NT 6.1.7600 x86_64) (WARNING: The server did not provide any stacktrace information)
Command duration or timeout: 3.08 seconds
For documentation on this error, please visit: http://seleniumhq.org/exceptions/no_such_element.html
Build info: version: &apos;unknown&apos;, revision: &apos;unknown&apos;, time: &apos;unknown&apos;
System info: host: &apos;BAD-PC&apos;, ip: &apos;192.168.71.23&apos;, os.name: &apos;Windows 7&apos;, os.arch: &apos;amd64&apos;, os.version: &apos;6.1&apos;, java.version: &apos;1.8.0_92&apos;
Driver info: org.openqa.selenium.chrome.ChromeDriver
Capabilities [{applicationCacheEnabled=false, rotatable=false, mobileEmulationEnabled=false, networkConnectionEnabled=false, chrome={chromedriverVersion=2.30.477700 (0057494ad8732195794a7b32078424f92a5fce41), userDataDir=C:\Users\ADMINI~1\AppData\Local\Temp\scoped_dir6752_12318}, takesHeapSnapshot=true, pageLoadStrategy=normal, databaseEnabled=false, handlesAlerts=true, hasTouchScreen=false, version=59.0.3071.86, platform=XP, browserConnectionEnabled=false, nativeEvents=true, acceptSslCerts=true, locationContextEnabled=true, webStorageEnabled=true, browserName=chrome, takesScreenshot=true, javascriptEnabled=true, cssSelectorsEnabled=true, unexpectedAlertBehaviour=}]
Session ID: ce546afa8ac8ba60166fbcd78bc7061d
*** Element info: {Using=name, value=username}
	at sun.reflect.NativeConstructorAccessorImpl.newInstance0(Native Method)
	at sun.reflect.NativeConstructorAccessorImpl.newInstance(NativeConstructorAccessorImpl.java:62)
	at sun.reflect.DelegatingConstructorAccessorImpl.newInstance(DelegatingConstructorAccessorImpl.java:45)
	at java.lang.reflect.Constructor.newInstance(Constructor.java:423)
	at org.openqa.selenium.remote.ErrorHandler.createThrowable(ErrorHandler.java:215)
	at org.openqa.selenium.remote.ErrorHandler.throwIfResponseFailed(ErrorHandler.java:167)
	at org.openqa.selenium.remote.RemoteWebDriver.execute(RemoteWebDriver.java:671)
	at org.openqa.selenium.remote.RemoteWebDriver.findElement(RemoteWebDriver.java:410)
	at org.openqa.selenium.remote.RemoteWebDriver.findElementByName(RemoteWebDriver.java:485)
	at org.openqa.selenium.By$ByName.findElement(By.java:303)
	at org.openqa.selenium.remote.RemoteWebDriver.findElement(RemoteWebDriver.java:402)
	at com.core.webdriver.CoreBrowser.findElement(CoreBrowser.java:32)
	at com.core.page.base.AbstractPage.setInputByName(AbstractPage.java:64)
	at com.core.page.LoginPage.setUserName(LoginPage.java:13)
	at com.core.page.LoginPage.login(LoginPage.java:25)
	at com.core.renwuclcase.RenWuClCase02.ywzxChuLi_feiJinJi(RenWuClCase02.java:128)
	at sun.reflect.NativeMethodAccessorImpl.invoke0(Native Method)
	at sun.reflect.NativeMethodAccessorImpl.invoke(NativeMethodAccessorImpl.java:62)
	at sun.reflect.DelegatingMethodAccessorImpl.invoke(DelegatingMethodAccessorImpl.java:43)
	at java.lang.reflect.Method.invoke(Method.java:498)
	at org.testng.internal.MethodInvocationHelper.invokeMethod(MethodInvocationHelper.java:108)
	at org.testng.internal.Invoker.invokeMethod(Invoker.java:661)
	at org.testng.internal.Invoker.invokeTestMethod(Invoker.java:869)
	at org.testng.internal.Invoker.invokeTestMethods(Invoker.java:1193)
	at org.testng.internal.TestMethodWorker.invokeTestMethods(TestMethodWorker.java:126)
	at org.testng.internal.TestMethodWorker.run(TestMethodWorker.java:109)
	at org.testng.TestRunner.privateRun(TestRunner.java:744)
	at org.testng.TestRunner.run(TestRunner.java:602)
	at org.testng.SuiteRunner.runTest(SuiteRunner.java:380)
	at org.testng.SuiteRunner.runSequentially(SuiteRunner.java:375)
	at org.testng.SuiteRunner.privateRun(SuiteRunner.java:340)
	at org.testng.SuiteRunner.run(SuiteRunner.java:289)
	at org.testng.SuiteRunnerWorker.runSuite(SuiteRunnerWorker.java:52)
	at org.testng.SuiteRunnerWorker.run(SuiteRunnerWorker.java:86)
	at org.testng.TestNG.runSuitesSequentially(TestNG.java:1301)
	at org.testng.TestNG.runSuitesLocally(TestNG.java:1226)
	at org.testng.TestNG.runSuites(TestNG.java:1144)
	at org.testng.TestNG.run(TestNG.java:1115)
	at org.testng.remote.AbstractRemoteTestNG.run(AbstractRemoteTestNG.java:132)
	at org.testng.remote.RemoteTestNG.initAndRun(RemoteTestNG.java:230)
	at org.testng.remote.RemoteTestNG.main(RemoteTestNG.java:76)
</div></td></tr></table><p class="totop"><a href="#summary">back to summary</a></p><h3 id="m4">com.core.renwuclcase.RenWuClCase02#zjzxChuLi_feiJinJi</h3><table class="result"><tr><th>Exception</th></tr><tr><td><div class="stacktrace">org.openqa.selenium.NoSuchElementException: no such element: Unable to locate element: {&quot;method&quot;:&quot;name&quot;,&quot;selector&quot;:&quot;username&quot;}
  (Session info: chrome=59.0.3071.86)
  (Driver info: chromedriver=2.30.477700 (0057494ad8732195794a7b32078424f92a5fce41),platform=Windows NT 6.1.7600 x86_64) (WARNING: The server did not provide any stacktrace information)
Command duration or timeout: 3.06 seconds
For documentation on this error, please visit: http://seleniumhq.org/exceptions/no_such_element.html
Build info: version: &apos;unknown&apos;, revision: &apos;unknown&apos;, time: &apos;unknown&apos;
System info: host: &apos;BAD-PC&apos;, ip: &apos;192.168.71.23&apos;, os.name: &apos;Windows 7&apos;, os.arch: &apos;amd64&apos;, os.version: &apos;6.1&apos;, java.version: &apos;1.8.0_92&apos;
Driver info: org.openqa.selenium.chrome.ChromeDriver
Capabilities [{applicationCacheEnabled=false, rotatable=false, mobileEmulationEnabled=false, networkConnectionEnabled=false, chrome={chromedriverVersion=2.30.477700 (0057494ad8732195794a7b32078424f92a5fce41), userDataDir=C:\Users\ADMINI~1\AppData\Local\Temp\scoped_dir6752_12318}, takesHeapSnapshot=true, pageLoadStrategy=normal, databaseEnabled=false, handlesAlerts=true, hasTouchScreen=false, version=59.0.3071.86, platform=XP, browserConnectionEnabled=false, nativeEvents=true, acceptSslCerts=true, locationContextEnabled=true, webStorageEnabled=true, browserName=chrome, takesScreenshot=true, javascriptEnabled=true, cssSelectorsEnabled=true, unexpectedAlertBehaviour=}]
Session ID: ce546afa8ac8ba60166fbcd78bc7061d
*** Element info: {Using=name, value=username}
	at sun.reflect.NativeConstructorAccessorImpl.newInstance0(Native Method)
	at sun.reflect.NativeConstructorAccessorImpl.newInstance(NativeConstructorAccessorImpl.java:62)
	at sun.reflect.DelegatingConstructorAccessorImpl.newInstance(DelegatingConstructorAccessorImpl.java:45)
	at java.lang.reflect.Constructor.newInstance(Constructor.java:423)
	at org.openqa.selenium.remote.ErrorHandler.createThrowable(ErrorHandler.java:215)
	at org.openqa.selenium.remote.ErrorHandler.throwIfResponseFailed(ErrorHandler.java:167)
	at org.openqa.selenium.remote.RemoteWebDriver.execute(RemoteWebDriver.java:671)
	at org.openqa.selenium.remote.RemoteWebDriver.findElement(RemoteWebDriver.java:410)
	at org.openqa.selenium.remote.RemoteWebDriver.findElementByName(RemoteWebDriver.java:485)
	at org.openqa.selenium.By$ByName.findElement(By.java:303)
	at org.openqa.selenium.remote.RemoteWebDriver.findElement(RemoteWebDriver.java:402)
	at com.core.webdriver.CoreBrowser.findElement(CoreBrowser.java:32)
	at com.core.page.base.AbstractPage.setInputByName(AbstractPage.java:64)
	at com.core.page.LoginPage.setUserName(LoginPage.java:13)
	at com.core.page.LoginPage.login(LoginPage.java:25)
	at com.core.renwuclcase.RenWuClCase02.zjzxChuLi_feiJinJi(RenWuClCase02.java:154)
	at sun.reflect.NativeMethodAccessorImpl.invoke0(Native Method)
	at sun.reflect.NativeMethodAccessorImpl.invoke(NativeMethodAccessorImpl.java:62)
	at sun.reflect.DelegatingMethodAccessorImpl.invoke(DelegatingMethodAccessorImpl.java:43)
	at java.lang.reflect.Method.invoke(Method.java:498)
	at org.testng.internal.MethodInvocationHelper.invokeMethod(MethodInvocationHelper.java:108)
	at org.testng.internal.Invoker.invokeMethod(Invoker.java:661)
	at org.testng.internal.Invoker.invokeTestMethod(Invoker.java:869)
	at org.testng.internal.Invoker.invokeTestMethods(Invoker.java:1193)
	at org.testng.internal.TestMethodWorker.invokeTestMethods(TestMethodWorker.java:126)
	at org.testng.internal.TestMethodWorker.run(TestMethodWorker.java:109)
	at org.testng.TestRunner.privateRun(TestRunner.java:744)
	at org.testng.TestRunner.run(TestRunner.java:602)
	at org.testng.SuiteRunner.runTest(SuiteRunner.java:380)
	at org.testng.SuiteRunner.runSequentially(SuiteRunner.java:375)
	at org.testng.SuiteRunner.privateRun(SuiteRunner.java:340)
	at org.testng.SuiteRunner.run(SuiteRunner.java:289)
	at org.testng.SuiteRunnerWorker.runSuite(SuiteRunnerWorker.java:52)
	at org.testng.SuiteRunnerWorker.run(SuiteRunnerWorker.java:86)
	at org.testng.TestNG.runSuitesSequentially(TestNG.java:1301)
	at org.testng.TestNG.runSuitesLocally(TestNG.java:1226)
	at org.testng.TestNG.runSuites(TestNG.java:1144)
	at org.testng.TestNG.run(TestNG.java:1115)
	at org.testng.remote.AbstractRemoteTestNG.run(AbstractRemoteTestNG.java:132)
	at org.testng.remote.RemoteTestNG.initAndRun(RemoteTestNG.java:230)
	at org.testng.remote.RemoteTestNG.main(RemoteTestNG.java:76)
</div></td></tr></table><p class="totop"><a href="#summary">back to summary</a></p><h2>RenWuClCase02</h2><h3 id="m5">com.core.renwuclcase.RenWuClCase02#qxldShenHe_feiJinJi</h3><table class="result"></table><p class="totop"><a href="#summary">back to summary</a></p><h3 id="m6">com.core.renwuclcase.RenWuClCase02#ywbgsChuLi_feiJinJi</h3><table class="result"></table><p class="totop"><a href="#summary">back to summary</a></p><h3 id="m7">com.core.renwuclcase.RenWuClCase02#ywldRenWuJiaoBanzc_feiJinJi</h3><table class="result"></table><p class="totop"><a href="#summary">back to summary</a></p><h3 id="m8">com.core.renwuclcase.RenWuClCase02#ywzxChuLi_feiJinJi</h3><table class="result"></table><p class="totop"><a href="#summary">back to summary</a></p><h3 id="m9">com.core.renwuclcase.RenWuClCase02#zjzxChuLi_feiJinJi</h3><table class="result"></table><p class="totop"><a href="#summary">back to summary</a></p><h2>RenWuClCase03</h2><h3 id="m10">com.core.renwuclcase.RenWuClCase03#qxldShenHe_JinJi</h3><table class="result"></table><p class="totop"><a href="#summary">back to summary</a></p><h3 id="m11">com.core.renwuclcase.RenWuClCase03#ywldRenWuJiaoBantj_JinJi</h3><table class="result"></table><p class="totop"><a href="#summary">back to summary</a></p><h3 id="m12">com.core.renwuclcase.RenWuClCase03#ywzxChuLi_JinJi</h3><table class="result"></table><p class="totop"><a href="#summary">back to summary</a></p><h3 id="m13">com.core.renwuclcase.RenWuClCase03#zjzxChuLi_JinJi</h3><table class="result"></table><p class="totop"><a href="#summary">back to summary</a></p><h2>RenWuClCase04</h2><h3 id="m14">com.core.renwuclcase.RenWuClCase04#qxznbShenHe</h3><table class="result"></table><p class="totop"><a href="#summary">back to summary</a></p><h3 id="m15">com.core.renwuclcase.RenWuClCase04#ywznbRenWuJiaoBantj</h3><table class="result"></table><p class="totop"><a href="#summary">back to summary</a></p><h3 id="m16">com.core.renwuclcase.RenWuClCase04#ywzxChuLi</h3><table class="result"></table><p class="totop"><a href="#summary">back to summary</a></p><h3 id="m17">com.core.renwuclcase.RenWuClCase04#zjzxChuLi</h3><table class="result"></table><p class="totop"><a href="#summary">back to summary</a></p><h2>RenWuClCase05</h2><h3 id="m18">com.core.renwuclcase.RenWuClCase05#qxzxRenWuJiaoBantj</h3><table class="result"></table><p class="totop"><a href="#summary">back to summary</a></p><h3 id="m19">com.core.renwuclcase.RenWuClCase05#qxzxShenHe</h3><table class="result"></table><p class="totop"><a href="#summary">back to summary</a></p><h3 id="m20">com.core.renwuclcase.RenWuClCase05#zjzxChuLi</h3><table class="result"></table><p class="totop"><a href="#summary">back to summary</a></p><h2>RenWuClCase06</h2><h3 id="m21">com.core.renwuclcase.RenWuClCase06#wgzChuLi</h3><table class="result"></table><p class="totop"><a href="#summary">back to summary</a></p><h3 id="m22">com.core.renwuclcase.RenWuClCase06#zjznbRenWuJiaoBantj</h3><table class="result"></table><p class="totop"><a href="#summary">back to summary</a></p><h3 id="m23">com.core.renwuclcase.RenWuClCase06#zjznbShenHe</h3><table class="result"></table><p class="totop"><a href="#summary">back to summary</a></p><h3 id="m24">com.core.renwuclcase.RenWuClCase06#zjzxChuLi</h3><table class="result"></table><p class="totop"><a href="#summary">back to summary</a></p><h2>RenWuClCase07</h2><h3 id="m25">com.core.renwuclcase.RenWuClCase07#pqzShenHe</h3><table class="result"></table><p class="totop"><a href="#summary">back to summary</a></p><h3 id="m26">com.core.renwuclcase.RenWuClCase07#wgzChuLi</h3><table class="result"></table><p class="totop"><a href="#summary">back to summary</a></p><h3 id="m27">com.core.renwuclcase.RenWuClCase07#zjznbRenWuJiaoBantj</h3><table class="result"></table><p class="totop"><a href="#summary">back to summary</a></p><h3 id="m28">com.core.renwuclcase.RenWuClCase07#zjznbShenHe</h3><table class="result"></table><p class="totop"><a href="#summary">back to summary</a></p><h3 id="m29">com.core.renwuclcase.RenWuClCase07#zjzxChuLi</h3><table class="result"></table><p class="totop"><a href="#summary">back to summary</a></p><h2>RenWuClCase08</h2><h3 id="m30">com.core.renwuclcase.RenWuClCase08#pqzChuLi</h3><table class="result"></table><p class="totop"><a href="#summary">back to summary</a></p><h3 id="m31">com.core.renwuclcase.RenWuClCase08#pqzShenHe</h3><table class="result"></table><p class="totop"><a href="#summary">back to summary</a></p><h3 id="m32">com.core.renwuclcase.RenWuClCase08#wgzChuLi</h3><table class="result"></table><p class="totop"><a href="#summary">back to summary</a></p><h3 id="m33">com.core.renwuclcase.RenWuClCase08#zjznbRenWuJiaoBantj</h3><table class="result"></table><p class="totop"><a href="#summary">back to summary</a></p><h3 id="m34">com.core.renwuclcase.RenWuClCase08#zjznbShenHe</h3><table class="result"></table><p class="totop"><a href="#summary">back to summary</a></p><h3 id="m35">com.core.renwuclcase.RenWuClCase08#zjzxChuLi</h3><table class="result"></table><p class="totop"><a href="#summary">back to summary</a></p><h2>RenWuClCase09</h2><h3 id="m36">com.core.renwuclcase.RenWuClCase09#wgzChuLi</h3><table class="result"></table><p class="totop"><a href="#summary">back to summary</a></p><h3 id="m37">com.core.renwuclcase.RenWuClCase09#zjzxRenWuJiaoBantj</h3><table class="result"></table><p class="totop"><a href="#summary">back to summary</a></p><h3 id="m38">com.core.renwuclcase.RenWuClCase09#zjzxShenHe</h3><table class="result"></table><p class="totop"><a href="#summary">back to summary</a></p><h2>RenWuClCase10</h2><h3 id="m39">com.core.renwuclcase.RenWuClCase10#pqzShenHe</h3><table class="result"></table><p class="totop"><a href="#summary">back to summary</a></p><h3 id="m40">com.core.renwuclcase.RenWuClCase10#wgzChuLi</h3><table class="result"></table><p class="totop"><a href="#summary">back to summary</a></p><h3 id="m41">com.core.renwuclcase.RenWuClCase10#zjzxRenWuJiaoBantj</h3><table class="result"></table><p class="totop"><a href="#summary">back to summary</a></p><h3 id="m42">com.core.renwuclcase.RenWuClCase10#zjzxShenHe</h3><table class="result"></table><p class="totop"><a href="#summary">back to summary</a></p><h2>RenWuClCase11</h2><h3 id="m43">com.core.renwuclcase.RenWuClCase11#zjzxShenHe</h3><table class="result"><tr><th>Exception</th></tr><tr><td><div class="stacktrace">org.openqa.selenium.WebDriverException: unknown error: Element &lt;a href=&quot;#&quot; onclick=&quot;optJump(&amp;quot;zxsh&amp;quot;, &amp;quot;SXR201708090009&amp;quot;)&quot;&gt;...&lt;/a&gt; is not clickable at point (1306, 182). Other element would receive the click: &lt;div class=&quot;datagrid-mask&quot; style=&quot;display:block&quot;&gt;&lt;/div&gt;
  (Session info: chrome=59.0.3071.86)
  (Driver info: chromedriver=2.30.477700 (0057494ad8732195794a7b32078424f92a5fce41),platform=Windows NT 6.1.7600 x86_64) (WARNING: The server did not provide any stacktrace information)
Command duration or timeout: 46 milliseconds
Build info: version: &apos;unknown&apos;, revision: &apos;unknown&apos;, time: &apos;unknown&apos;
System info: host: &apos;BAD-PC&apos;, ip: &apos;192.168.71.23&apos;, os.name: &apos;Windows 7&apos;, os.arch: &apos;amd64&apos;, os.version: &apos;6.1&apos;, java.version: &apos;1.8.0_92&apos;
Driver info: org.openqa.selenium.chrome.ChromeDriver
Capabilities [{applicationCacheEnabled=false, rotatable=false, mobileEmulationEnabled=false, networkConnectionEnabled=false, chrome={chromedriverVersion=2.30.477700 (0057494ad8732195794a7b32078424f92a5fce41), userDataDir=C:\Users\ADMINI~1\AppData\Local\Temp\scoped_dir9616_25129}, takesHeapSnapshot=true, pageLoadStrategy=normal, databaseEnabled=false, handlesAlerts=true, hasTouchScreen=false, version=59.0.3071.86, platform=XP, browserConnectionEnabled=false, nativeEvents=true, acceptSslCerts=true, locationContextEnabled=true, webStorageEnabled=true, browserName=chrome, takesScreenshot=true, javascriptEnabled=true, cssSelectorsEnabled=true, unexpectedAlertBehaviour=}]
Session ID: 83452a4e771739cb21da016ed8ac1d2f
	at sun.reflect.NativeConstructorAccessorImpl.newInstance0(Native Method)
	at sun.reflect.NativeConstructorAccessorImpl.newInstance(NativeConstructorAccessorImpl.java:62)
	at sun.reflect.DelegatingConstructorAccessorImpl.newInstance(DelegatingConstructorAccessorImpl.java:45)
	at java.lang.reflect.Constructor.newInstance(Constructor.java:423)
	at org.openqa.selenium.remote.ErrorHandler.createThrowable(ErrorHandler.java:215)
	at org.openqa.selenium.remote.ErrorHandler.throwIfResponseFailed(ErrorHandler.java:167)
	at org.openqa.selenium.remote.RemoteWebDriver.execute(RemoteWebDriver.java:671)
	at org.openqa.selenium.remote.RemoteWebElement.execute(RemoteWebElement.java:272)
	at org.openqa.selenium.remote.RemoteWebElement.click(RemoteWebElement.java:82)
	at com.core.page.base.AbstractPage.clickByXpath(AbstractPage.java:48)
	at com.core.page.task.DclTask.clickTaskShenHe(DclTask.java:62)
	at com.core.renwuclcase.RenWuClCase11.zjzxShenHe(RenWuClCase11.java:182)
	at sun.reflect.NativeMethodAccessorImpl.invoke0(Native Method)
	at sun.reflect.NativeMethodAccessorImpl.invoke(NativeMethodAccessorImpl.java:62)
	at sun.reflect.DelegatingMethodAccessorImpl.invoke(DelegatingMethodAccessorImpl.java:43)
	at java.lang.reflect.Method.invoke(Method.java:498)
	at org.testng.internal.MethodInvocationHelper.invokeMethod(MethodInvocationHelper.java:108)
	at org.testng.internal.Invoker.invokeMethod(Invoker.java:661)
	at org.testng.internal.Invoker.invokeTestMethod(Invoker.java:869)
	at org.testng.internal.Invoker.invokeTestMethods(Invoker.java:1193)
	at org.testng.internal.TestMethodWorker.invokeTestMethods(TestMethodWorker.java:126)
	at org.testng.internal.TestMethodWorker.run(TestMethodWorker.java:109)
	at org.testng.TestRunner.privateRun(TestRunner.java:744)
	at org.testng.TestRunner.run(TestRunner.java:602)
	at org.testng.SuiteRunner.runTest(SuiteRunner.java:380)
	at org.testng.SuiteRunner.runSequentially(SuiteRunner.java:375)
	at org.testng.SuiteRunner.privateRun(SuiteRunner.java:340)
	at org.testng.SuiteRunner.run(SuiteRunner.java:289)
	at org.testng.SuiteRunnerWorker.runSuite(SuiteRunnerWorker.java:52)
	at org.testng.SuiteRunnerWorker.run(SuiteRunnerWorker.java:86)
	at org.testng.TestNG.runSuitesSequentially(TestNG.java:1301)
	at org.testng.TestNG.runSuitesLocally(TestNG.java:1226)
	at org.testng.TestNG.runSuites(TestNG.java:1144)
	at org.testng.TestNG.run(TestNG.java:1115)
	at org.testng.remote.AbstractRemoteTestNG.run(AbstractRemoteTestNG.java:132)
	at org.testng.remote.RemoteTestNG.initAndRun(RemoteTestNG.java:230)
	at org.testng.remote.RemoteTestNG.main(RemoteTestNG.java:76)
</div></td></tr></table><p class="totop"><a href="#summary">back to summary</a></p><h3 id="m44">com.core.renwuclcase.RenWuClCase11#pqzChuLi</h3><table class="result"></table><p class="totop"><a href="#summary">back to summary</a></p><h3 id="m45">com.core.renwuclcase.RenWuClCase11#pqzShenHe</h3><table class="result"></table><p class="totop"><a href="#summary">back to summary</a></p><h3 id="m46">com.core.renwuclcase.RenWuClCase11#wgzChuLi</h3><table class="result"></table><p class="totop"><a href="#summary">back to summary</a></p><h3 id="m47">com.core.renwuclcase.RenWuClCase11#zjzxRenWuJiaoBantj</h3><table class="result"></table><p class="totop"><a href="#summary">back to summary</a></p><h2>RenWuClCase12</h2><h3 id="m48">com.core.renwuclcase.RenWuClCase12#pqzShenHe</h3><table class="result"><tr><th>Exception</th></tr><tr><td><div class="stacktrace">org.openqa.selenium.NoSuchElementException: no such element: Unable to locate element: {&quot;method&quot;:&quot;name&quot;,&quot;selector&quot;:&quot;username&quot;}
  (Session info: chrome=59.0.3071.86)
  (Driver info: chromedriver=2.30.477700 (0057494ad8732195794a7b32078424f92a5fce41),platform=Windows NT 6.1.7600 x86_64) (WARNING: The server did not provide any stacktrace information)
Command duration or timeout: 3.04 seconds
For documentation on this error, please visit: http://seleniumhq.org/exceptions/no_such_element.html
Build info: version: &apos;unknown&apos;, revision: &apos;unknown&apos;, time: &apos;unknown&apos;
System info: host: &apos;BAD-PC&apos;, ip: &apos;192.168.71.23&apos;, os.name: &apos;Windows 7&apos;, os.arch: &apos;amd64&apos;, os.version: &apos;6.1&apos;, java.version: &apos;1.8.0_92&apos;
Driver info: org.openqa.selenium.chrome.ChromeDriver
Capabilities [{applicationCacheEnabled=false, rotatable=false, mobileEmulationEnabled=false, networkConnectionEnabled=false, chrome={chromedriverVersion=2.30.477700 (0057494ad8732195794a7b32078424f92a5fce41), userDataDir=C:\Users\ADMINI~1\AppData\Local\Temp\scoped_dir1000_24528}, takesHeapSnapshot=true, pageLoadStrategy=normal, databaseEnabled=false, handlesAlerts=true, hasTouchScreen=false, version=59.0.3071.86, platform=XP, browserConnectionEnabled=false, nativeEvents=true, acceptSslCerts=true, locationContextEnabled=true, webStorageEnabled=true, browserName=chrome, takesScreenshot=true, javascriptEnabled=true, cssSelectorsEnabled=true, unexpectedAlertBehaviour=}]
Session ID: 8bee0858353eb464741a1958652180b2
*** Element info: {Using=name, value=username}
	at sun.reflect.NativeConstructorAccessorImpl.newInstance0(Native Method)
	at sun.reflect.NativeConstructorAccessorImpl.newInstance(NativeConstructorAccessorImpl.java:62)
	at sun.reflect.DelegatingConstructorAccessorImpl.newInstance(DelegatingConstructorAccessorImpl.java:45)
	at java.lang.reflect.Constructor.newInstance(Constructor.java:423)
	at org.openqa.selenium.remote.ErrorHandler.createThrowable(ErrorHandler.java:215)
	at org.openqa.selenium.remote.ErrorHandler.throwIfResponseFailed(ErrorHandler.java:167)
	at org.openqa.selenium.remote.RemoteWebDriver.execute(RemoteWebDriver.java:671)
	at org.openqa.selenium.remote.RemoteWebDriver.findElement(RemoteWebDriver.java:410)
	at org.openqa.selenium.remote.RemoteWebDriver.findElementByName(RemoteWebDriver.java:485)
	at org.openqa.selenium.By$ByName.findElement(By.java:303)
	at org.openqa.selenium.remote.RemoteWebDriver.findElement(RemoteWebDriver.java:402)
	at com.core.webdriver.CoreBrowser.findElement(CoreBrowser.java:32)
	at com.core.page.base.AbstractPage.setInputByName(AbstractPage.java:64)
	at com.core.page.LoginPage.setUserName(LoginPage.java:13)
	at com.core.page.LoginPage.login(LoginPage.java:25)
	at com.core.renwuclcase.RenWuClCase12.pqzShenHe(RenWuClCase12.java:120)
	at sun.reflect.NativeMethodAccessorImpl.invoke0(Native Method)
	at sun.reflect.NativeMethodAccessorImpl.invoke(NativeMethodAccessorImpl.java:62)
	at sun.reflect.DelegatingMethodAccessorImpl.invoke(DelegatingMethodAccessorImpl.java:43)
	at java.lang.reflect.Method.invoke(Method.java:498)
	at org.testng.internal.MethodInvocationHelper.invokeMethod(MethodInvocationHelper.java:108)
	at org.testng.internal.Invoker.invokeMethod(Invoker.java:661)
	at org.testng.internal.Invoker.invokeTestMethod(Invoker.java:869)
	at org.testng.internal.Invoker.invokeTestMethods(Invoker.java:1193)
	at org.testng.internal.TestMethodWorker.invokeTestMethods(TestMethodWorker.java:126)
	at org.testng.internal.TestMethodWorker.run(TestMethodWorker.java:109)
	at org.testng.TestRunner.privateRun(TestRunner.java:744)
	at org.testng.TestRunner.run(TestRunner.java:602)
	at org.testng.SuiteRunner.runTest(SuiteRunner.java:380)
	at org.testng.SuiteRunner.runSequentially(SuiteRunner.java:375)
	at org.testng.SuiteRunner.privateRun(SuiteRunner.java:340)
	at org.testng.SuiteRunner.run(SuiteRunner.java:289)
	at org.testng.SuiteRunnerWorker.runSuite(SuiteRunnerWorker.java:52)
	at org.testng.SuiteRunnerWorker.run(SuiteRunnerWorker.java:86)
	at org.testng.TestNG.runSuitesSequentially(TestNG.java:1301)
	at org.testng.TestNG.runSuitesLocally(TestNG.java:1226)
	at org.testng.TestNG.runSuites(TestNG.java:1144)
	at org.testng.TestNG.run(TestNG.java:1115)
	at org.testng.remote.AbstractRemoteTestNG.run(AbstractRemoteTestNG.java:132)
	at org.testng.remote.RemoteTestNG.initAndRun(RemoteTestNG.java:230)
	at org.testng.remote.RemoteTestNG.main(RemoteTestNG.java:76)
</div></td></tr></table><p class="totop"><a href="#summary">back to summary</a></p><h3 id="m49">com.core.renwuclcase.RenWuClCase12#wgzChuLi</h3><table class="result"><tr><th>Exception</th></tr><tr><td><div class="stacktrace">org.openqa.selenium.WebDriverException: unknown error: Element &lt;a href=&quot;#&quot; onclick=&quot;optJump(&amp;quot;wgcl&amp;quot;, &amp;quot;SXR201708090010&amp;quot;)&quot;&gt;...&lt;/a&gt; is not clickable at point (1306, 182). Other element would receive the click: &lt;div class=&quot;datagrid-mask&quot; style=&quot;display:block&quot;&gt;&lt;/div&gt;
  (Session info: chrome=59.0.3071.86)
  (Driver info: chromedriver=2.30.477700 (0057494ad8732195794a7b32078424f92a5fce41),platform=Windows NT 6.1.7600 x86_64) (WARNING: The server did not provide any stacktrace information)
Command duration or timeout: 48 milliseconds
Build info: version: &apos;unknown&apos;, revision: &apos;unknown&apos;, time: &apos;unknown&apos;
System info: host: &apos;BAD-PC&apos;, ip: &apos;192.168.71.23&apos;, os.name: &apos;Windows 7&apos;, os.arch: &apos;amd64&apos;, os.version: &apos;6.1&apos;, java.version: &apos;1.8.0_92&apos;
Driver info: org.openqa.selenium.chrome.ChromeDriver
Capabilities [{applicationCacheEnabled=false, rotatable=false, mobileEmulationEnabled=false, networkConnectionEnabled=false, chrome={chromedriverVersion=2.30.477700 (0057494ad8732195794a7b32078424f92a5fce41), userDataDir=C:\Users\ADMINI~1\AppData\Local\Temp\scoped_dir1000_24528}, takesHeapSnapshot=true, pageLoadStrategy=normal, databaseEnabled=false, handlesAlerts=true, hasTouchScreen=false, version=59.0.3071.86, platform=XP, browserConnectionEnabled=false, nativeEvents=true, acceptSslCerts=true, locationContextEnabled=true, webStorageEnabled=true, browserName=chrome, takesScreenshot=true, javascriptEnabled=true, cssSelectorsEnabled=true, unexpectedAlertBehaviour=}]
Session ID: 8bee0858353eb464741a1958652180b2
	at sun.reflect.NativeConstructorAccessorImpl.newInstance0(Native Method)
	at sun.reflect.NativeConstructorAccessorImpl.newInstance(NativeConstructorAccessorImpl.java:62)
	at sun.reflect.DelegatingConstructorAccessorImpl.newInstance(DelegatingConstructorAccessorImpl.java:45)
	at java.lang.reflect.Constructor.newInstance(Constructor.java:423)
	at org.openqa.selenium.remote.ErrorHandler.createThrowable(ErrorHandler.java:215)
	at org.openqa.selenium.remote.ErrorHandler.throwIfResponseFailed(ErrorHandler.java:167)
	at org.openqa.selenium.remote.RemoteWebDriver.execute(RemoteWebDriver.java:671)
	at org.openqa.selenium.remote.RemoteWebElement.execute(RemoteWebElement.java:272)
	at org.openqa.selenium.remote.RemoteWebElement.click(RemoteWebElement.java:82)
	at com.core.page.base.AbstractPage.clickByXpath(AbstractPage.java:48)
	at com.core.page.task.DclTask.clickChuLi(DclTask.java:48)
	at com.core.renwuclcase.RenWuClCase12.wgzChuLi(RenWuClCase12.java:106)
	at sun.reflect.NativeMethodAccessorImpl.invoke0(Native Method)
	at sun.reflect.NativeMethodAccessorImpl.invoke(NativeMethodAccessorImpl.java:62)
	at sun.reflect.DelegatingMethodAccessorImpl.invoke(DelegatingMethodAccessorImpl.java:43)
	at java.lang.reflect.Method.invoke(Method.java:498)
	at org.testng.internal.MethodInvocationHelper.invokeMethod(MethodInvocationHelper.java:108)
	at org.testng.internal.Invoker.invokeMethod(Invoker.java:661)
	at org.testng.internal.Invoker.invokeTestMethod(Invoker.java:869)
	at org.testng.internal.Invoker.invokeTestMethods(Invoker.java:1193)
	at org.testng.internal.TestMethodWorker.invokeTestMethods(TestMethodWorker.java:126)
	at org.testng.internal.TestMethodWorker.run(TestMethodWorker.java:109)
	at org.testng.TestRunner.privateRun(TestRunner.java:744)
	at org.testng.TestRunner.run(TestRunner.java:602)
	at org.testng.SuiteRunner.runTest(SuiteRunner.java:380)
	at org.testng.SuiteRunner.runSequentially(SuiteRunner.java:375)
	at org.testng.SuiteRunner.privateRun(SuiteRunner.java:340)
	at org.testng.SuiteRunner.run(SuiteRunner.java:289)
	at org.testng.SuiteRunnerWorker.runSuite(SuiteRunnerWorker.java:52)
	at org.testng.SuiteRunnerWorker.run(SuiteRunnerWorker.java:86)
	at org.testng.TestNG.runSuitesSequentially(TestNG.java:1301)
	at org.testng.TestNG.runSuitesLocally(TestNG.java:1226)
	at org.testng.TestNG.runSuites(TestNG.java:1144)
	at org.testng.TestNG.run(TestNG.java:1115)
	at org.testng.remote.AbstractRemoteTestNG.run(AbstractRemoteTestNG.java:132)
	at org.testng.remote.RemoteTestNG.initAndRun(RemoteTestNG.java:230)
	at org.testng.remote.RemoteTestNG.main(RemoteTestNG.java:76)
</div></td></tr></table><p class="totop"><a href="#summary">back to summary</a></p><h3 id="m50">com.core.renwuclcase.RenWuClCase12#pqzRenWuJiaoBantj</h3><table class="result"></table><p class="totop"><a href="#summary">back to summary</a></p><h2>RenWuClCase13</h2><h3 id="m51">com.core.renwuclcase.RenWuClCase13#qxzxRenWuJiaoBantj</h3><table class="result"></table><p class="totop"><a href="#summary">back to summary</a></p><h3 id="m52">com.core.renwuclcase.RenWuClCase13#qxzxShenHe</h3><table class="result"></table><p class="totop"><a href="#summary">back to summary</a></p><h3 id="m53">com.core.renwuclcase.RenWuClCase13#wgzChuLi</h3><table class="result"></table><p class="totop"><a href="#summary">back to summary</a></p><h3 id="m54">com.core.renwuclcase.RenWuClCase13#zjzxChuLi</h3><table class="result"></table><p class="totop"><a href="#summary">back to summary</a></p><h3 id="m55">com.core.renwuclcase.RenWuClCase13#zjzxShenHe</h3><table class="result"></table><p class="totop"><a href="#summary">back to summary</a></p><h3 id="m56">com.core.renwuclcase.RenWuClCase13#zjzxXiaFa</h3><table class="result"></table><p class="totop"><a href="#summary">back to summary</a></p></body></html>