<?xml version="1.0" encoding="UTF-8"?>
<testng-results skipped="0" failed="8" ignored="0" total="57" passed="49">
  <reporter-output>
  </reporter-output>
  <suite name="renwuclcase" duration-ms="1651642" started-at="2017-08-09T09:03:21Z" finished-at="2017-08-09T09:30:53Z">
    <groups>
    </groups>
    <test name="RenWuClCase01" duration-ms="50286" started-at="2017-08-09T09:03:21Z" finished-at="2017-08-09T09:04:11Z">
      <class name="com.core.renwuclcase.RenWuClCase02">
        <test-method status="PASS" signature="beforeTest()[pri:0, instance:com.core.renwuclcase.RenWuClCase02@3bfdc050]" name="beforeTest" is-config="true" duration-ms="7908" started-at="2017-08-09T17:03:21Z" finished-at="2017-08-09T17:03:29Z">
          <reporter-output>
          </reporter-output>
        </test-method> <!-- beforeTest -->
        <test-method status="FAIL" signature="qxldShenHe_feiJinJi()[pri:0, instance:com.core.renwuclcase.RenWuClCase02@3bfdc050]" name="qxldShenHe_feiJinJi" duration-ms="30064" started-at="2017-08-09T17:03:29Z" finished-at="2017-08-09T17:03:59Z">
          <exception class="org.openqa.selenium.NoSuchElementException">
            <message>
              <![CDATA[no such element: Unable to locate element: {"method":"xpath","selector":"//*[@class="datagrid-btable"]/tbody/tr[1]/td[2]/div/span"}
  (Session info: chrome=59.0.3071.86)
  (Driver info: chromedriver=2.30.477700 (0057494ad8732195794a7b32078424f92a5fce41),platform=Windows NT 6.1.7600 x86_64) (WARNING: The server did not provide any stacktrace information)
Command duration or timeout: 3.05 seconds
For documentation on this error, please visit: http://seleniumhq.org/exceptions/no_such_element.html
Build info: version: 'unknown', revision: 'unknown', time: 'unknown'
System info: host: 'BAD-PC', ip: '192.168.71.23', os.name: 'Windows 7', os.arch: 'amd64', os.version: '6.1', java.version: '1.8.0_92'
Driver info: org.openqa.selenium.chrome.ChromeDriver
Capabilities [{applicationCacheEnabled=false, rotatable=false, mobileEmulationEnabled=false, networkConnectionEnabled=false, chrome={chromedriverVersion=2.30.477700 (0057494ad8732195794a7b32078424f92a5fce41), userDataDir=C:\Users\ADMINI~1\AppData\Local\Temp\scoped_dir6752_12318}, takesHeapSnapshot=true, pageLoadStrategy=normal, databaseEnabled=false, handlesAlerts=true, hasTouchScreen=false, version=59.0.3071.86, platform=XP, browserConnectionEnabled=false, nativeEvents=true, acceptSslCerts=true, locationContextEnabled=true, webStorageEnabled=true, browserName=chrome, takesScreenshot=true, javascriptEnabled=true, cssSelectorsEnabled=true, unexpectedAlertBehaviour=}]
Session ID: ce546afa8ac8ba60166fbcd78bc7061d
*** Element info: {Using=xpath, value=//*[@class="datagrid-btable"]/tbody/tr[1]/td[2]/div/span}]]>
            </message>
            <full-stacktrace>
              <![CDATA[org.openqa.selenium.NoSuchElementException: no such element: Unable to locate element: {"method":"xpath","selector":"//*[@class="datagrid-btable"]/tbody/tr[1]/td[2]/div/span"}
  (Session info: chrome=59.0.3071.86)
  (Driver info: chromedriver=2.30.477700 (0057494ad8732195794a7b32078424f92a5fce41),platform=Windows NT 6.1.7600 x86_64) (WARNING: The server did not provide any stacktrace information)
Command duration or timeout: 3.05 seconds
For documentation on this error, please visit: http://seleniumhq.org/exceptions/no_such_element.html
Build info: version: 'unknown', revision: 'unknown', time: 'unknown'
System info: host: 'BAD-PC', ip: '192.168.71.23', os.name: 'Windows 7', os.arch: 'amd64', os.version: '6.1', java.version: '1.8.0_92'
Driver info: org.openqa.selenium.chrome.ChromeDriver
Capabilities [{applicationCacheEnabled=false, rotatable=false, mobileEmulationEnabled=false, networkConnectionEnabled=false, chrome={chromedriverVersion=2.30.477700 (0057494ad8732195794a7b32078424f92a5fce41), userDataDir=C:\Users\ADMINI~1\AppData\Local\Temp\scoped_dir6752_12318}, takesHeapSnapshot=true, pageLoadStrategy=normal, databaseEnabled=false, handlesAlerts=true, hasTouchScreen=false, version=59.0.3071.86, platform=XP, browserConnectionEnabled=false, nativeEvents=true, acceptSslCerts=true, locationContextEnabled=true, webStorageEnabled=true, browserName=chrome, takesScreenshot=true, javascriptEnabled=true, cssSelectorsEnabled=true, unexpectedAlertBehaviour=}]
Session ID: ce546afa8ac8ba60166fbcd78bc7061d
*** Element info: {Using=xpath, value=//*[@class="datagrid-btable"]/tbody/tr[1]/td[2]/div/span}
	at sun.reflect.NativeConstructorAccessorImpl.newInstance0(Native Method)
	at sun.reflect.NativeConstructorAccessorImpl.newInstance(NativeConstructorAccessorImpl.java:62)
	at sun.reflect.DelegatingConstructorAccessorImpl.newInstance(DelegatingConstructorAccessorImpl.java:45)
	at java.lang.reflect.Constructor.newInstance(Constructor.java:423)
	at org.openqa.selenium.remote.ErrorHandler.createThrowable(ErrorHandler.java:215)
	at org.openqa.selenium.remote.ErrorHandler.throwIfResponseFailed(ErrorHandler.java:167)
	at org.openqa.selenium.remote.RemoteWebDriver.execute(RemoteWebDriver.java:671)
	at org.openqa.selenium.remote.RemoteWebDriver.findElement(RemoteWebDriver.java:410)
	at org.openqa.selenium.remote.RemoteWebDriver.findElementByXPath(RemoteWebDriver.java:509)
	at org.openqa.selenium.By$ByXPath.findElement(By.java:361)
	at org.openqa.selenium.remote.RemoteWebDriver.findElement(RemoteWebDriver.java:402)
	at com.core.webdriver.CoreBrowser.findElement(CoreBrowser.java:32)
	at com.core.page.base.AbstractPage.getWebElementByXpath(AbstractPage.java:60)
	at com.core.page.task.DclTask.getTaskBiaoTi(DclTask.java:34)
	at com.core.page.task.DclTask.findbybiaoti(DclTask.java:90)
	at com.core.renwuclcase.RenWuClCase02.qxldShenHe_feiJinJi(RenWuClCase02.java:190)
	at sun.reflect.NativeMethodAccessorImpl.invoke0(Native Method)
	at sun.reflect.NativeMethodAccessorImpl.invoke(NativeMethodAccessorImpl.java:62)
	at sun.reflect.DelegatingMethodAccessorImpl.invoke(DelegatingMethodAccessorImpl.java:43)
	at java.lang.reflect.Method.invoke(Method.java:498)
	at org.testng.internal.MethodInvocationHelper.invokeMethod(MethodInvocationHelper.java:108)
	at org.testng.internal.Invoker.invokeMethod(Invoker.java:661)
	at org.testng.internal.Invoker.invokeTestMethod(Invoker.java:869)
	at org.testng.internal.Invoker.invokeTestMethods(Invoker.java:1193)
	at org.testng.internal.TestMethodWorker.invokeTestMethods(TestMethodWorker.java:126)
	at org.testng.internal.TestMethodWorker.run(TestMethodWorker.java:109)
	at org.testng.TestRunner.privateRun(TestRunner.java:744)
	at org.testng.TestRunner.run(TestRunner.java:602)
	at org.testng.SuiteRunner.runTest(SuiteRunner.java:380)
	at org.testng.SuiteRunner.runSequentially(SuiteRunner.java:375)
	at org.testng.SuiteRunner.privateRun(SuiteRunner.java:340)
	at org.testng.SuiteRunner.run(SuiteRunner.java:289)
	at org.testng.SuiteRunnerWorker.runSuite(SuiteRunnerWorker.java:52)
	at org.testng.SuiteRunnerWorker.run(SuiteRunnerWorker.java:86)
	at org.testng.TestNG.runSuitesSequentially(TestNG.java:1301)
	at org.testng.TestNG.runSuitesLocally(TestNG.java:1226)
	at org.testng.TestNG.runSuites(TestNG.java:1144)
	at org.testng.TestNG.run(TestNG.java:1115)
	at org.testng.remote.AbstractRemoteTestNG.run(AbstractRemoteTestNG.java:132)
	at org.testng.remote.RemoteTestNG.initAndRun(RemoteTestNG.java:230)
	at org.testng.remote.RemoteTestNG.main(RemoteTestNG.java:76)
]]>
            </full-stacktrace>
          </exception> <!-- org.openqa.selenium.NoSuchElementException -->
          <reporter-output>
          </reporter-output>
        </test-method> <!-- qxldShenHe_feiJinJi -->
        <test-method status="FAIL" signature="ywbgsChuLi_feiJinJi()[pri:0, instance:com.core.renwuclcase.RenWuClCase02@3bfdc050]" name="ywbgsChuLi_feiJinJi" duration-ms="3052" started-at="2017-08-09T17:03:59Z" finished-at="2017-08-09T17:04:02Z">
          <exception class="org.openqa.selenium.NoSuchElementException">
            <message>
              <![CDATA[no such element: Unable to locate element: {"method":"name","selector":"username"}
  (Session info: chrome=59.0.3071.86)
  (Driver info: chromedriver=2.30.477700 (0057494ad8732195794a7b32078424f92a5fce41),platform=Windows NT 6.1.7600 x86_64) (WARNING: The server did not provide any stacktrace information)
Command duration or timeout: 3.05 seconds
For documentation on this error, please visit: http://seleniumhq.org/exceptions/no_such_element.html
Build info: version: 'unknown', revision: 'unknown', time: 'unknown'
System info: host: 'BAD-PC', ip: '192.168.71.23', os.name: 'Windows 7', os.arch: 'amd64', os.version: '6.1', java.version: '1.8.0_92'
Driver info: org.openqa.selenium.chrome.ChromeDriver
Capabilities [{applicationCacheEnabled=false, rotatable=false, mobileEmulationEnabled=false, networkConnectionEnabled=false, chrome={chromedriverVersion=2.30.477700 (0057494ad8732195794a7b32078424f92a5fce41), userDataDir=C:\Users\ADMINI~1\AppData\Local\Temp\scoped_dir6752_12318}, takesHeapSnapshot=true, pageLoadStrategy=normal, databaseEnabled=false, handlesAlerts=true, hasTouchScreen=false, version=59.0.3071.86, platform=XP, browserConnectionEnabled=false, nativeEvents=true, acceptSslCerts=true, locationContextEnabled=true, webStorageEnabled=true, browserName=chrome, takesScreenshot=true, javascriptEnabled=true, cssSelectorsEnabled=true, unexpectedAlertBehaviour=}]
Session ID: ce546afa8ac8ba60166fbcd78bc7061d
*** Element info: {Using=name, value=username}]]>
            </message>
            <full-stacktrace>
              <![CDATA[org.openqa.selenium.NoSuchElementException: no such element: Unable to locate element: {"method":"name","selector":"username"}
  (Session info: chrome=59.0.3071.86)
  (Driver info: chromedriver=2.30.477700 (0057494ad8732195794a7b32078424f92a5fce41),platform=Windows NT 6.1.7600 x86_64) (WARNING: The server did not provide any stacktrace information)
Command duration or timeout: 3.05 seconds
For documentation on this error, please visit: http://seleniumhq.org/exceptions/no_such_element.html
Build info: version: 'unknown', revision: 'unknown', time: 'unknown'
System info: host: 'BAD-PC', ip: '192.168.71.23', os.name: 'Windows 7', os.arch: 'amd64', os.version: '6.1', java.version: '1.8.0_92'
Driver info: org.openqa.selenium.chrome.ChromeDriver
Capabilities [{applicationCacheEnabled=false, rotatable=false, mobileEmulationEnabled=false, networkConnectionEnabled=false, chrome={chromedriverVersion=2.30.477700 (0057494ad8732195794a7b32078424f92a5fce41), userDataDir=C:\Users\ADMINI~1\AppData\Local\Temp\scoped_dir6752_12318}, takesHeapSnapshot=true, pageLoadStrategy=normal, databaseEnabled=false, handlesAlerts=true, hasTouchScreen=false, version=59.0.3071.86, platform=XP, browserConnectionEnabled=false, nativeEvents=true, acceptSslCerts=true, locationContextEnabled=true, webStorageEnabled=true, browserName=chrome, takesScreenshot=true, javascriptEnabled=true, cssSelectorsEnabled=true, unexpectedAlertBehaviour=}]
Session ID: ce546afa8ac8ba60166fbcd78bc7061d
*** Element info: {Using=name, value=username}
	at sun.reflect.NativeConstructorAccessorImpl.newInstance0(Native Method)
	at sun.reflect.NativeConstructorAccessorImpl.newInstance(NativeConstructorAccessorImpl.java:62)
	at sun.reflect.DelegatingConstructorAccessorImpl.newInstance(DelegatingConstructorAccessorImpl.java:45)
	at java.lang.reflect.Constructor.newInstance(Constructor.java:423)
	at org.openqa.selenium.remote.ErrorHandler.createThrowable(ErrorHandler.java:215)
	at org.openqa.selenium.remote.ErrorHandler.throwIfResponseFailed(ErrorHandler.java:167)
	at org.openqa.selenium.remote.RemoteWebDriver.execute(RemoteWebDriver.java:671)
	at org.openqa.selenium.remote.RemoteWebDriver.findElement(RemoteWebDriver.java:410)
	at org.openqa.selenium.remote.RemoteWebDriver.findElementByName(RemoteWebDriver.java:485)
	at org.openqa.selenium.By$ByName.findElement(By.java:303)
	at org.openqa.selenium.remote.RemoteWebDriver.findElement(RemoteWebDriver.java:402)
	at com.core.webdriver.CoreBrowser.findElement(CoreBrowser.java:32)
	at com.core.page.base.AbstractPage.setInputByName(AbstractPage.java:64)
	at com.core.page.LoginPage.setUserName(LoginPage.java:13)
	at com.core.page.LoginPage.login(LoginPage.java:25)
	at com.core.renwuclcase.RenWuClCase02.ywbgsChuLi_feiJinJi(RenWuClCase02.java:102)
	at sun.reflect.NativeMethodAccessorImpl.invoke0(Native Method)
	at sun.reflect.NativeMethodAccessorImpl.invoke(NativeMethodAccessorImpl.java:62)
	at sun.reflect.DelegatingMethodAccessorImpl.invoke(DelegatingMethodAccessorImpl.java:43)
	at java.lang.reflect.Method.invoke(Method.java:498)
	at org.testng.internal.MethodInvocationHelper.invokeMethod(MethodInvocationHelper.java:108)
	at org.testng.internal.Invoker.invokeMethod(Invoker.java:661)
	at org.testng.internal.Invoker.invokeTestMethod(Invoker.java:869)
	at org.testng.internal.Invoker.invokeTestMethods(Invoker.java:1193)
	at org.testng.internal.TestMethodWorker.invokeTestMethods(TestMethodWorker.java:126)
	at org.testng.internal.TestMethodWorker.run(TestMethodWorker.java:109)
	at org.testng.TestRunner.privateRun(TestRunner.java:744)
	at org.testng.TestRunner.run(TestRunner.java:602)
	at org.testng.SuiteRunner.runTest(SuiteRunner.java:380)
	at org.testng.SuiteRunner.runSequentially(SuiteRunner.java:375)
	at org.testng.SuiteRunner.privateRun(SuiteRunner.java:340)
	at org.testng.SuiteRunner.run(SuiteRunner.java:289)
	at org.testng.SuiteRunnerWorker.runSuite(SuiteRunnerWorker.java:52)
	at org.testng.SuiteRunnerWorker.run(SuiteRunnerWorker.java:86)
	at org.testng.TestNG.runSuitesSequentially(TestNG.java:1301)
	at org.testng.TestNG.runSuitesLocally(TestNG.java:1226)
	at org.testng.TestNG.runSuites(TestNG.java:1144)
	at org.testng.TestNG.run(TestNG.java:1115)
	at org.testng.remote.AbstractRemoteTestNG.run(AbstractRemoteTestNG.java:132)
	at org.testng.remote.RemoteTestNG.initAndRun(RemoteTestNG.java:230)
	at org.testng.remote.RemoteTestNG.main(RemoteTestNG.java:76)
]]>
            </full-stacktrace>
          </exception> <!-- org.openqa.selenium.NoSuchElementException -->
          <reporter-output>
          </reporter-output>
        </test-method> <!-- ywbgsChuLi_feiJinJi -->
        <test-method status="FAIL" signature="ywldRenWuJiaoBanzc_feiJinJi()[pri:0, instance:com.core.renwuclcase.RenWuClCase02@3bfdc050]" name="ywldRenWuJiaoBanzc_feiJinJi" duration-ms="3032" started-at="2017-08-09T17:04:02Z" finished-at="2017-08-09T17:04:05Z">
          <exception class="org.openqa.selenium.NoSuchElementException">
            <message>
              <![CDATA[no such element: Unable to locate element: {"method":"name","selector":"username"}
  (Session info: chrome=59.0.3071.86)
  (Driver info: chromedriver=2.30.477700 (0057494ad8732195794a7b32078424f92a5fce41),platform=Windows NT 6.1.7600 x86_64) (WARNING: The server did not provide any stacktrace information)
Command duration or timeout: 3.03 seconds
For documentation on this error, please visit: http://seleniumhq.org/exceptions/no_such_element.html
Build info: version: 'unknown', revision: 'unknown', time: 'unknown'
System info: host: 'BAD-PC', ip: '192.168.71.23', os.name: 'Windows 7', os.arch: 'amd64', os.version: '6.1', java.version: '1.8.0_92'
Driver info: org.openqa.selenium.chrome.ChromeDriver
Capabilities [{applicationCacheEnabled=false, rotatable=false, mobileEmulationEnabled=false, networkConnectionEnabled=false, chrome={chromedriverVersion=2.30.477700 (0057494ad8732195794a7b32078424f92a5fce41), userDataDir=C:\Users\ADMINI~1\AppData\Local\Temp\scoped_dir6752_12318}, takesHeapSnapshot=true, pageLoadStrategy=normal, databaseEnabled=false, handlesAlerts=true, hasTouchScreen=false, version=59.0.3071.86, platform=XP, browserConnectionEnabled=false, nativeEvents=true, acceptSslCerts=true, locationContextEnabled=true, webStorageEnabled=true, browserName=chrome, takesScreenshot=true, javascriptEnabled=true, cssSelectorsEnabled=true, unexpectedAlertBehaviour=}]
Session ID: ce546afa8ac8ba60166fbcd78bc7061d
*** Element info: {Using=name, value=username}]]>
            </message>
            <full-stacktrace>
              <![CDATA[org.openqa.selenium.NoSuchElementException: no such element: Unable to locate element: {"method":"name","selector":"username"}
  (Session info: chrome=59.0.3071.86)
  (Driver info: chromedriver=2.30.477700 (0057494ad8732195794a7b32078424f92a5fce41),platform=Windows NT 6.1.7600 x86_64) (WARNING: The server did not provide any stacktrace information)
Command duration or timeout: 3.03 seconds
For documentation on this error, please visit: http://seleniumhq.org/exceptions/no_such_element.html
Build info: version: 'unknown', revision: 'unknown', time: 'unknown'
System info: host: 'BAD-PC', ip: '192.168.71.23', os.name: 'Windows 7', os.arch: 'amd64', os.version: '6.1', java.version: '1.8.0_92'
Driver info: org.openqa.selenium.chrome.ChromeDriver
Capabilities [{applicationCacheEnabled=false, rotatable=false, mobileEmulationEnabled=false, networkConnectionEnabled=false, chrome={chromedriverVersion=2.30.477700 (0057494ad8732195794a7b32078424f92a5fce41), userDataDir=C:\Users\ADMINI~1\AppData\Local\Temp\scoped_dir6752_12318}, takesHeapSnapshot=true, pageLoadStrategy=normal, databaseEnabled=false, handlesAlerts=true, hasTouchScreen=false, version=59.0.3071.86, platform=XP, browserConnectionEnabled=false, nativeEvents=true, acceptSslCerts=true, locationContextEnabled=true, webStorageEnabled=true, browserName=chrome, takesScreenshot=true, javascriptEnabled=true, cssSelectorsEnabled=true, unexpectedAlertBehaviour=}]
Session ID: ce546afa8ac8ba60166fbcd78bc7061d
*** Element info: {Using=name, value=username}
	at sun.reflect.NativeConstructorAccessorImpl.newInstance0(Native Method)
	at sun.reflect.NativeConstructorAccessorImpl.newInstance(NativeConstructorAccessorImpl.java:62)
	at sun.reflect.DelegatingConstructorAccessorImpl.newInstance(DelegatingConstructorAccessorImpl.java:45)
	at java.lang.reflect.Constructor.newInstance(Constructor.java:423)
	at org.openqa.selenium.remote.ErrorHandler.createThrowable(ErrorHandler.java:215)
	at org.openqa.selenium.remote.ErrorHandler.throwIfResponseFailed(ErrorHandler.java:167)
	at org.openqa.selenium.remote.RemoteWebDriver.execute(RemoteWebDriver.java:671)
	at org.openqa.selenium.remote.RemoteWebDriver.findElement(RemoteWebDriver.java:410)
	at org.openqa.selenium.remote.RemoteWebDriver.findElementByName(RemoteWebDriver.java:485)
	at org.openqa.selenium.By$ByName.findElement(By.java:303)
	at org.openqa.selenium.remote.RemoteWebDriver.findElement(RemoteWebDriver.java:402)
	at com.core.webdriver.CoreBrowser.findElement(CoreBrowser.java:32)
	at com.core.page.base.AbstractPage.setInputByName(AbstractPage.java:64)
	at com.core.page.LoginPage.setUserName(LoginPage.java:13)
	at com.core.page.LoginPage.login(LoginPage.java:25)
	at com.core.renwuclcase.RenWuClCase02.ywldRenWuJiaoBanzc_feiJinJi(RenWuClCase02.java:70)
	at sun.reflect.NativeMethodAccessorImpl.invoke0(Native Method)
	at sun.reflect.NativeMethodAccessorImpl.invoke(NativeMethodAccessorImpl.java:62)
	at sun.reflect.DelegatingMethodAccessorImpl.invoke(DelegatingMethodAccessorImpl.java:43)
	at java.lang.reflect.Method.invoke(Method.java:498)
	at org.testng.internal.MethodInvocationHelper.invokeMethod(MethodInvocationHelper.java:108)
	at org.testng.internal.Invoker.invokeMethod(Invoker.java:661)
	at org.testng.internal.Invoker.invokeTestMethod(Invoker.java:869)
	at org.testng.internal.Invoker.invokeTestMethods(Invoker.java:1193)
	at org.testng.internal.TestMethodWorker.invokeTestMethods(TestMethodWorker.java:126)
	at org.testng.internal.TestMethodWorker.run(TestMethodWorker.java:109)
	at org.testng.TestRunner.privateRun(TestRunner.java:744)
	at org.testng.TestRunner.run(TestRunner.java:602)
	at org.testng.SuiteRunner.runTest(SuiteRunner.java:380)
	at org.testng.SuiteRunner.runSequentially(SuiteRunner.java:375)
	at org.testng.SuiteRunner.privateRun(SuiteRunner.java:340)
	at org.testng.SuiteRunner.run(SuiteRunner.java:289)
	at org.testng.SuiteRunnerWorker.runSuite(SuiteRunnerWorker.java:52)
	at org.testng.SuiteRunnerWorker.run(SuiteRunnerWorker.java:86)
	at org.testng.TestNG.runSuitesSequentially(TestNG.java:1301)
	at org.testng.TestNG.runSuitesLocally(TestNG.java:1226)
	at org.testng.TestNG.runSuites(TestNG.java:1144)
	at org.testng.TestNG.run(TestNG.java:1115)
	at org.testng.remote.AbstractRemoteTestNG.run(AbstractRemoteTestNG.java:132)
	at org.testng.remote.RemoteTestNG.initAndRun(RemoteTestNG.java:230)
	at org.testng.remote.RemoteTestNG.main(RemoteTestNG.java:76)
]]>
            </full-stacktrace>
          </exception> <!-- org.openqa.selenium.NoSuchElementException -->
          <reporter-output>
          </reporter-output>
        </test-method> <!-- ywldRenWuJiaoBanzc_feiJinJi -->
        <test-method status="FAIL" signature="ywzxChuLi_feiJinJi()[pri:0, instance:com.core.renwuclcase.RenWuClCase02@3bfdc050]" name="ywzxChuLi_feiJinJi" duration-ms="3085" started-at="2017-08-09T17:04:05Z" finished-at="2017-08-09T17:04:08Z">
          <exception class="org.openqa.selenium.NoSuchElementException">
            <message>
              <![CDATA[no such element: Unable to locate element: {"method":"name","selector":"username"}
  (Session info: chrome=59.0.3071.86)
  (Driver info: chromedriver=2.30.477700 (0057494ad8732195794a7b32078424f92a5fce41),platform=Windows NT 6.1.7600 x86_64) (WARNING: The server did not provide any stacktrace information)
Command duration or timeout: 3.08 seconds
For documentation on this error, please visit: http://seleniumhq.org/exceptions/no_such_element.html
Build info: version: 'unknown', revision: 'unknown', time: 'unknown'
System info: host: 'BAD-PC', ip: '192.168.71.23', os.name: 'Windows 7', os.arch: 'amd64', os.version: '6.1', java.version: '1.8.0_92'
Driver info: org.openqa.selenium.chrome.ChromeDriver
Capabilities [{applicationCacheEnabled=false, rotatable=false, mobileEmulationEnabled=false, networkConnectionEnabled=false, chrome={chromedriverVersion=2.30.477700 (0057494ad8732195794a7b32078424f92a5fce41), userDataDir=C:\Users\ADMINI~1\AppData\Local\Temp\scoped_dir6752_12318}, takesHeapSnapshot=true, pageLoadStrategy=normal, databaseEnabled=false, handlesAlerts=true, hasTouchScreen=false, version=59.0.3071.86, platform=XP, browserConnectionEnabled=false, nativeEvents=true, acceptSslCerts=true, locationContextEnabled=true, webStorageEnabled=true, browserName=chrome, takesScreenshot=true, javascriptEnabled=true, cssSelectorsEnabled=true, unexpectedAlertBehaviour=}]
Session ID: ce546afa8ac8ba60166fbcd78bc7061d
*** Element info: {Using=name, value=username}]]>
            </message>
            <full-stacktrace>
              <![CDATA[org.openqa.selenium.NoSuchElementException: no such element: Unable to locate element: {"method":"name","selector":"username"}
  (Session info: chrome=59.0.3071.86)
  (Driver info: chromedriver=2.30.477700 (0057494ad8732195794a7b32078424f92a5fce41),platform=Windows NT 6.1.7600 x86_64) (WARNING: The server did not provide any stacktrace information)
Command duration or timeout: 3.08 seconds
For documentation on this error, please visit: http://seleniumhq.org/exceptions/no_such_element.html
Build info: version: 'unknown', revision: 'unknown', time: 'unknown'
System info: host: 'BAD-PC', ip: '192.168.71.23', os.name: 'Windows 7', os.arch: 'amd64', os.version: '6.1', java.version: '1.8.0_92'
Driver info: org.openqa.selenium.chrome.ChromeDriver
Capabilities [{applicationCacheEnabled=false, rotatable=false, mobileEmulationEnabled=false, networkConnectionEnabled=false, chrome={chromedriverVersion=2.30.477700 (0057494ad8732195794a7b32078424f92a5fce41), userDataDir=C:\Users\ADMINI~1\AppData\Local\Temp\scoped_dir6752_12318}, takesHeapSnapshot=true, pageLoadStrategy=normal, databaseEnabled=false, handlesAlerts=true, hasTouchScreen=false, version=59.0.3071.86, platform=XP, browserConnectionEnabled=false, nativeEvents=true, acceptSslCerts=true, locationContextEnabled=true, webStorageEnabled=true, browserName=chrome, takesScreenshot=true, javascriptEnabled=true, cssSelectorsEnabled=true, unexpectedAlertBehaviour=}]
Session ID: ce546afa8ac8ba60166fbcd78bc7061d
*** Element info: {Using=name, value=username}
	at sun.reflect.NativeConstructorAccessorImpl.newInstance0(Native Method)
	at sun.reflect.NativeConstructorAccessorImpl.newInstance(NativeConstructorAccessorImpl.java:62)
	at sun.reflect.DelegatingConstructorAccessorImpl.newInstance(DelegatingConstructorAccessorImpl.java:45)
	at java.lang.reflect.Constructor.newInstance(Constructor.java:423)
	at org.openqa.selenium.remote.ErrorHandler.createThrowable(ErrorHandler.java:215)
	at org.openqa.selenium.remote.ErrorHandler.throwIfResponseFailed(ErrorHandler.java:167)
	at org.openqa.selenium.remote.RemoteWebDriver.execute(RemoteWebDriver.java:671)
	at org.openqa.selenium.remote.RemoteWebDriver.findElement(RemoteWebDriver.java:410)
	at org.openqa.selenium.remote.RemoteWebDriver.findElementByName(RemoteWebDriver.java:485)
	at org.openqa.selenium.By$ByName.findElement(By.java:303)
	at org.openqa.selenium.remote.RemoteWebDriver.findElement(RemoteWebDriver.java:402)
	at com.core.webdriver.CoreBrowser.findElement(CoreBrowser.java:32)
	at com.core.page.base.AbstractPage.setInputByName(AbstractPage.java:64)
	at com.core.page.LoginPage.setUserName(LoginPage.java:13)
	at com.core.page.LoginPage.login(LoginPage.java:25)
	at com.core.renwuclcase.RenWuClCase02.ywzxChuLi_feiJinJi(RenWuClCase02.java:128)
	at sun.reflect.NativeMethodAccessorImpl.invoke0(Native Method)
	at sun.reflect.NativeMethodAccessorImpl.invoke(NativeMethodAccessorImpl.java:62)
	at sun.reflect.DelegatingMethodAccessorImpl.invoke(DelegatingMethodAccessorImpl.java:43)
	at java.lang.reflect.Method.invoke(Method.java:498)
	at org.testng.internal.MethodInvocationHelper.invokeMethod(MethodInvocationHelper.java:108)
	at org.testng.internal.Invoker.invokeMethod(Invoker.java:661)
	at org.testng.internal.Invoker.invokeTestMethod(Invoker.java:869)
	at org.testng.internal.Invoker.invokeTestMethods(Invoker.java:1193)
	at org.testng.internal.TestMethodWorker.invokeTestMethods(TestMethodWorker.java:126)
	at org.testng.internal.TestMethodWorker.run(TestMethodWorker.java:109)
	at org.testng.TestRunner.privateRun(TestRunner.java:744)
	at org.testng.TestRunner.run(TestRunner.java:602)
	at org.testng.SuiteRunner.runTest(SuiteRunner.java:380)
	at org.testng.SuiteRunner.runSequentially(SuiteRunner.java:375)
	at org.testng.SuiteRunner.privateRun(SuiteRunner.java:340)
	at org.testng.SuiteRunner.run(SuiteRunner.java:289)
	at org.testng.SuiteRunnerWorker.runSuite(SuiteRunnerWorker.java:52)
	at org.testng.SuiteRunnerWorker.run(SuiteRunnerWorker.java:86)
	at org.testng.TestNG.runSuitesSequentially(TestNG.java:1301)
	at org.testng.TestNG.runSuitesLocally(TestNG.java:1226)
	at org.testng.TestNG.runSuites(TestNG.java:1144)
	at org.testng.TestNG.run(TestNG.java:1115)
	at org.testng.remote.AbstractRemoteTestNG.run(AbstractRemoteTestNG.java:132)
	at org.testng.remote.RemoteTestNG.initAndRun(RemoteTestNG.java:230)
	at org.testng.remote.RemoteTestNG.main(RemoteTestNG.java:76)
]]>
            </full-stacktrace>
          </exception> <!-- org.openqa.selenium.NoSuchElementException -->
          <reporter-output>
          </reporter-output>
        </test-method> <!-- ywzxChuLi_feiJinJi -->
        <test-method status="FAIL" signature="zjzxChuLi_feiJinJi()[pri:0, instance:com.core.renwuclcase.RenWuClCase02@3bfdc050]" name="zjzxChuLi_feiJinJi" duration-ms="3064" started-at="2017-08-09T17:04:08Z" finished-at="2017-08-09T17:04:11Z">
          <exception class="org.openqa.selenium.NoSuchElementException">
            <message>
              <![CDATA[no such element: Unable to locate element: {"method":"name","selector":"username"}
  (Session info: chrome=59.0.3071.86)
  (Driver info: chromedriver=2.30.477700 (0057494ad8732195794a7b32078424f92a5fce41),platform=Windows NT 6.1.7600 x86_64) (WARNING: The server did not provide any stacktrace information)
Command duration or timeout: 3.06 seconds
For documentation on this error, please visit: http://seleniumhq.org/exceptions/no_such_element.html
Build info: version: 'unknown', revision: 'unknown', time: 'unknown'
System info: host: 'BAD-PC', ip: '192.168.71.23', os.name: 'Windows 7', os.arch: 'amd64', os.version: '6.1', java.version: '1.8.0_92'
Driver info: org.openqa.selenium.chrome.ChromeDriver
Capabilities [{applicationCacheEnabled=false, rotatable=false, mobileEmulationEnabled=false, networkConnectionEnabled=false, chrome={chromedriverVersion=2.30.477700 (0057494ad8732195794a7b32078424f92a5fce41), userDataDir=C:\Users\ADMINI~1\AppData\Local\Temp\scoped_dir6752_12318}, takesHeapSnapshot=true, pageLoadStrategy=normal, databaseEnabled=false, handlesAlerts=true, hasTouchScreen=false, version=59.0.3071.86, platform=XP, browserConnectionEnabled=false, nativeEvents=true, acceptSslCerts=true, locationContextEnabled=true, webStorageEnabled=true, browserName=chrome, takesScreenshot=true, javascriptEnabled=true, cssSelectorsEnabled=true, unexpectedAlertBehaviour=}]
Session ID: ce546afa8ac8ba60166fbcd78bc7061d
*** Element info: {Using=name, value=username}]]>
            </message>
            <full-stacktrace>
              <![CDATA[org.openqa.selenium.NoSuchElementException: no such element: Unable to locate element: {"method":"name","selector":"username"}
  (Session info: chrome=59.0.3071.86)
  (Driver info: chromedriver=2.30.477700 (0057494ad8732195794a7b32078424f92a5fce41),platform=Windows NT 6.1.7600 x86_64) (WARNING: The server did not provide any stacktrace information)
Command duration or timeout: 3.06 seconds
For documentation on this error, please visit: http://seleniumhq.org/exceptions/no_such_element.html
Build info: version: 'unknown', revision: 'unknown', time: 'unknown'
System info: host: 'BAD-PC', ip: '192.168.71.23', os.name: 'Windows 7', os.arch: 'amd64', os.version: '6.1', java.version: '1.8.0_92'
Driver info: org.openqa.selenium.chrome.ChromeDriver
Capabilities [{applicationCacheEnabled=false, rotatable=false, mobileEmulationEnabled=false, networkConnectionEnabled=false, chrome={chromedriverVersion=2.30.477700 (0057494ad8732195794a7b32078424f92a5fce41), userDataDir=C:\Users\ADMINI~1\AppData\Local\Temp\scoped_dir6752_12318}, takesHeapSnapshot=true, pageLoadStrategy=normal, databaseEnabled=false, handlesAlerts=true, hasTouchScreen=false, version=59.0.3071.86, platform=XP, browserConnectionEnabled=false, nativeEvents=true, acceptSslCerts=true, locationContextEnabled=true, webStorageEnabled=true, browserName=chrome, takesScreenshot=true, javascriptEnabled=true, cssSelectorsEnabled=true, unexpectedAlertBehaviour=}]
Session ID: ce546afa8ac8ba60166fbcd78bc7061d
*** Element info: {Using=name, value=username}
	at sun.reflect.NativeConstructorAccessorImpl.newInstance0(Native Method)
	at sun.reflect.NativeConstructorAccessorImpl.newInstance(NativeConstructorAccessorImpl.java:62)
	at sun.reflect.DelegatingConstructorAccessorImpl.newInstance(DelegatingConstructorAccessorImpl.java:45)
	at java.lang.reflect.Constructor.newInstance(Constructor.java:423)
	at org.openqa.selenium.remote.ErrorHandler.createThrowable(ErrorHandler.java:215)
	at org.openqa.selenium.remote.ErrorHandler.throwIfResponseFailed(ErrorHandler.java:167)
	at org.openqa.selenium.remote.RemoteWebDriver.execute(RemoteWebDriver.java:671)
	at org.openqa.selenium.remote.RemoteWebDriver.findElement(RemoteWebDriver.java:410)
	at org.openqa.selenium.remote.RemoteWebDriver.findElementByName(RemoteWebDriver.java:485)
	at org.openqa.selenium.By$ByName.findElement(By.java:303)
	at org.openqa.selenium.remote.RemoteWebDriver.findElement(RemoteWebDriver.java:402)
	at com.core.webdriver.CoreBrowser.findElement(CoreBrowser.java:32)
	at com.core.page.base.AbstractPage.setInputByName(AbstractPage.java:64)
	at com.core.page.LoginPage.setUserName(LoginPage.java:13)
	at com.core.page.LoginPage.login(LoginPage.java:25)
	at com.core.renwuclcase.RenWuClCase02.zjzxChuLi_feiJinJi(RenWuClCase02.java:154)
	at sun.reflect.NativeMethodAccessorImpl.invoke0(Native Method)
	at sun.reflect.NativeMethodAccessorImpl.invoke(NativeMethodAccessorImpl.java:62)
	at sun.reflect.DelegatingMethodAccessorImpl.invoke(DelegatingMethodAccessorImpl.java:43)
	at java.lang.reflect.Method.invoke(Method.java:498)
	at org.testng.internal.MethodInvocationHelper.invokeMethod(MethodInvocationHelper.java:108)
	at org.testng.internal.Invoker.invokeMethod(Invoker.java:661)
	at org.testng.internal.Invoker.invokeTestMethod(Invoker.java:869)
	at org.testng.internal.Invoker.invokeTestMethods(Invoker.java:1193)
	at org.testng.internal.TestMethodWorker.invokeTestMethods(TestMethodWorker.java:126)
	at org.testng.internal.TestMethodWorker.run(TestMethodWorker.java:109)
	at org.testng.TestRunner.privateRun(TestRunner.java:744)
	at org.testng.TestRunner.run(TestRunner.java:602)
	at org.testng.SuiteRunner.runTest(SuiteRunner.java:380)
	at org.testng.SuiteRunner.runSequentially(SuiteRunner.java:375)
	at org.testng.SuiteRunner.privateRun(SuiteRunner.java:340)
	at org.testng.SuiteRunner.run(SuiteRunner.java:289)
	at org.testng.SuiteRunnerWorker.runSuite(SuiteRunnerWorker.java:52)
	at org.testng.SuiteRunnerWorker.run(SuiteRunnerWorker.java:86)
	at org.testng.TestNG.runSuitesSequentially(TestNG.java:1301)
	at org.testng.TestNG.runSuitesLocally(TestNG.java:1226)
	at org.testng.TestNG.runSuites(TestNG.java:1144)
	at org.testng.TestNG.run(TestNG.java:1115)
	at org.testng.remote.AbstractRemoteTestNG.run(AbstractRemoteTestNG.java:132)
	at org.testng.remote.RemoteTestNG.initAndRun(RemoteTestNG.java:230)
	at org.testng.remote.RemoteTestNG.main(RemoteTestNG.java:76)
]]>
            </full-stacktrace>
          </exception> <!-- org.openqa.selenium.NoSuchElementException -->
          <reporter-output>
          </reporter-output>
        </test-method> <!-- zjzxChuLi_feiJinJi -->
        <test-method status="PASS" signature="afterTest()[pri:0, instance:com.core.renwuclcase.RenWuClCase02@3bfdc050]" name="afterTest" is-config="true" duration-ms="54" started-at="2017-08-09T17:04:11Z" finished-at="2017-08-09T17:04:11Z">
          <reporter-output>
          </reporter-output>
        </test-method> <!-- afterTest -->
      </class> <!-- com.core.renwuclcase.RenWuClCase02 -->
    </test> <!-- RenWuClCase01 -->
    <test name="RenWuClCase02" duration-ms="178293" started-at="2017-08-09T09:04:11Z" finished-at="2017-08-09T09:07:10Z">
      <class name="com.core.renwuclcase.RenWuClCase02">
        <test-method status="PASS" signature="beforeTest()[pri:0, instance:com.core.renwuclcase.RenWuClCase02@13deb50e]" name="beforeTest" is-config="true" duration-ms="8354" started-at="2017-08-09T17:04:11Z" finished-at="2017-08-09T17:04:20Z">
          <reporter-output>
          </reporter-output>
        </test-method> <!-- beforeTest -->
        <test-method status="PASS" signature="ywldRenWuJiaoBanzc_feiJinJi()[pri:0, instance:com.core.renwuclcase.RenWuClCase02@13deb50e]" name="ywldRenWuJiaoBanzc_feiJinJi" duration-ms="51461" started-at="2017-08-09T17:04:20Z" finished-at="2017-08-09T17:05:11Z">
          <reporter-output>
          </reporter-output>
        </test-method> <!-- ywldRenWuJiaoBanzc_feiJinJi -->
        <test-method status="PASS" signature="ywbgsChuLi_feiJinJi()[pri:0, instance:com.core.renwuclcase.RenWuClCase02@13deb50e]" name="ywbgsChuLi_feiJinJi" duration-ms="19851" started-at="2017-08-09T17:05:11Z" finished-at="2017-08-09T17:05:31Z">
          <reporter-output>
          </reporter-output>
        </test-method> <!-- ywbgsChuLi_feiJinJi -->
        <test-method status="PASS" signature="ywzxChuLi_feiJinJi()[pri:0, instance:com.core.renwuclcase.RenWuClCase02@13deb50e]" name="ywzxChuLi_feiJinJi" duration-ms="36948" started-at="2017-08-09T17:05:31Z" finished-at="2017-08-09T17:06:08Z">
          <reporter-output>
          </reporter-output>
        </test-method> <!-- ywzxChuLi_feiJinJi -->
        <test-method status="PASS" signature="zjzxChuLi_feiJinJi()[pri:0, instance:com.core.renwuclcase.RenWuClCase02@13deb50e]" name="zjzxChuLi_feiJinJi" duration-ms="18791" started-at="2017-08-09T17:06:08Z" finished-at="2017-08-09T17:06:27Z">
          <reporter-output>
          </reporter-output>
        </test-method> <!-- zjzxChuLi_feiJinJi -->
        <test-method status="PASS" signature="qxldShenHe_feiJinJi()[pri:0, instance:com.core.renwuclcase.RenWuClCase02@13deb50e]" name="qxldShenHe_feiJinJi" duration-ms="42821" started-at="2017-08-09T17:06:27Z" finished-at="2017-08-09T17:07:10Z">
          <reporter-output>
          </reporter-output>
        </test-method> <!-- qxldShenHe_feiJinJi -->
        <test-method status="PASS" signature="afterTest()[pri:0, instance:com.core.renwuclcase.RenWuClCase02@13deb50e]" name="afterTest" is-config="true" duration-ms="62" started-at="2017-08-09T17:07:10Z" finished-at="2017-08-09T17:07:10Z">
          <reporter-output>
          </reporter-output>
        </test-method> <!-- afterTest -->
      </class> <!-- com.core.renwuclcase.RenWuClCase02 -->
    </test> <!-- RenWuClCase02 -->
    <test name="RenWuClCase03" duration-ms="139455" started-at="2017-08-09T09:07:10Z" finished-at="2017-08-09T09:09:29Z">
      <class name="com.core.renwuclcase.RenWuClCase03">
        <test-method status="PASS" signature="beforeTest()[pri:0, instance:com.core.renwuclcase.RenWuClCase03@553f17c]" name="beforeTest" is-config="true" duration-ms="7719" started-at="2017-08-09T17:07:10Z" finished-at="2017-08-09T17:07:17Z">
          <reporter-output>
          </reporter-output>
        </test-method> <!-- beforeTest -->
        <test-method status="PASS" signature="ywldRenWuJiaoBantj_JinJi()[pri:0, instance:com.core.renwuclcase.RenWuClCase03@553f17c]" name="ywldRenWuJiaoBantj_JinJi" duration-ms="37916" started-at="2017-08-09T17:07:17Z" finished-at="2017-08-09T17:07:55Z">
          <reporter-output>
          </reporter-output>
        </test-method> <!-- ywldRenWuJiaoBantj_JinJi -->
        <test-method status="PASS" signature="ywzxChuLi_JinJi()[pri:0, instance:com.core.renwuclcase.RenWuClCase03@553f17c]" name="ywzxChuLi_JinJi" duration-ms="30184" started-at="2017-08-09T17:07:55Z" finished-at="2017-08-09T17:08:26Z">
          <reporter-output>
          </reporter-output>
        </test-method> <!-- ywzxChuLi_JinJi -->
        <test-method status="PASS" signature="zjzxChuLi_JinJi()[pri:0, instance:com.core.renwuclcase.RenWuClCase03@553f17c]" name="zjzxChuLi_JinJi" duration-ms="19006" started-at="2017-08-09T17:08:26Z" finished-at="2017-08-09T17:08:45Z">
          <reporter-output>
          </reporter-output>
        </test-method> <!-- zjzxChuLi_JinJi -->
        <test-method status="PASS" signature="qxldShenHe_JinJi()[pri:0, instance:com.core.renwuclcase.RenWuClCase03@553f17c]" name="qxldShenHe_JinJi" duration-ms="42306" started-at="2017-08-09T17:08:45Z" finished-at="2017-08-09T17:09:27Z">
          <reporter-output>
          </reporter-output>
        </test-method> <!-- qxldShenHe_JinJi -->
        <test-method status="PASS" signature="afterTest()[pri:0, instance:com.core.renwuclcase.RenWuClCase03@553f17c]" name="afterTest" is-config="true" duration-ms="2318" started-at="2017-08-09T17:09:27Z" finished-at="2017-08-09T17:09:29Z">
          <reporter-output>
          </reporter-output>
        </test-method> <!-- afterTest -->
      </class> <!-- com.core.renwuclcase.RenWuClCase03 -->
    </test> <!-- RenWuClCase03 -->
    <test name="RenWuClCase04" duration-ms="137350" started-at="2017-08-09T09:09:29Z" finished-at="2017-08-09T09:11:47Z">
      <class name="com.core.renwuclcase.RenWuClCase04">
        <test-method status="PASS" signature="beforeTest()[pri:0, instance:com.core.renwuclcase.RenWuClCase04@4cf777e8]" name="beforeTest" is-config="true" duration-ms="7709" started-at="2017-08-09T17:09:29Z" finished-at="2017-08-09T17:09:37Z">
          <reporter-output>
          </reporter-output>
        </test-method> <!-- beforeTest -->
        <test-method status="PASS" signature="ywznbRenWuJiaoBantj()[pri:0, instance:com.core.renwuclcase.RenWuClCase04@4cf777e8]" name="ywznbRenWuJiaoBantj" duration-ms="38729" started-at="2017-08-09T17:09:37Z" finished-at="2017-08-09T17:10:16Z">
          <reporter-output>
          </reporter-output>
        </test-method> <!-- ywznbRenWuJiaoBantj -->
        <test-method status="PASS" signature="ywzxChuLi()[pri:0, instance:com.core.renwuclcase.RenWuClCase04@4cf777e8]" name="ywzxChuLi" duration-ms="30241" started-at="2017-08-09T17:10:16Z" finished-at="2017-08-09T17:10:46Z">
          <reporter-output>
          </reporter-output>
        </test-method> <!-- ywzxChuLi -->
        <test-method status="PASS" signature="zjzxChuLi()[pri:0, instance:com.core.renwuclcase.RenWuClCase04@4cf777e8]" name="zjzxChuLi" duration-ms="18568" started-at="2017-08-09T17:10:46Z" finished-at="2017-08-09T17:11:05Z">
          <reporter-output>
          </reporter-output>
        </test-method> <!-- zjzxChuLi -->
        <test-method status="PASS" signature="qxznbShenHe()[pri:0, instance:com.core.renwuclcase.RenWuClCase04@4cf777e8]" name="qxznbShenHe" duration-ms="42032" started-at="2017-08-09T17:11:05Z" finished-at="2017-08-09T17:11:47Z">
          <reporter-output>
          </reporter-output>
        </test-method> <!-- qxznbShenHe -->
        <test-method status="PASS" signature="afterTest()[pri:0, instance:com.core.renwuclcase.RenWuClCase04@4cf777e8]" name="afterTest" is-config="true" duration-ms="66" started-at="2017-08-09T17:11:47Z" finished-at="2017-08-09T17:11:47Z">
          <reporter-output>
          </reporter-output>
        </test-method> <!-- afterTest -->
      </class> <!-- com.core.renwuclcase.RenWuClCase04 -->
    </test> <!-- RenWuClCase04 -->
    <test name="RenWuClCase05" duration-ms="115233" started-at="2017-08-09T09:11:47Z" finished-at="2017-08-09T09:13:42Z">
      <class name="com.core.renwuclcase.RenWuClCase05">
        <test-method status="PASS" signature="beforeTest()[pri:0, instance:com.core.renwuclcase.RenWuClCase05@5bcab519]" name="beforeTest" is-config="true" duration-ms="7378" started-at="2017-08-09T17:11:47Z" finished-at="2017-08-09T17:11:54Z">
          <reporter-output>
          </reporter-output>
        </test-method> <!-- beforeTest -->
        <test-method status="PASS" signature="qxzxRenWuJiaoBantj()[pri:0, instance:com.core.renwuclcase.RenWuClCase05@5bcab519]" name="qxzxRenWuJiaoBantj" duration-ms="40588" started-at="2017-08-09T17:11:54Z" finished-at="2017-08-09T17:12:35Z">
          <reporter-output>
          </reporter-output>
        </test-method> <!-- qxzxRenWuJiaoBantj -->
        <test-method status="PASS" signature="zjzxChuLi()[pri:0, instance:com.core.renwuclcase.RenWuClCase05@5bcab519]" name="zjzxChuLi" duration-ms="18547" started-at="2017-08-09T17:12:35Z" finished-at="2017-08-09T17:12:53Z">
          <reporter-output>
          </reporter-output>
        </test-method> <!-- zjzxChuLi -->
        <test-method status="PASS" signature="qxzxShenHe()[pri:0, instance:com.core.renwuclcase.RenWuClCase05@5bcab519]" name="qxzxShenHe" duration-ms="48646" started-at="2017-08-09T17:12:53Z" finished-at="2017-08-09T17:13:42Z">
          <reporter-output>
          </reporter-output>
        </test-method> <!-- qxzxShenHe -->
        <test-method status="PASS" signature="afterTest()[pri:0, instance:com.core.renwuclcase.RenWuClCase05@5bcab519]" name="afterTest" is-config="true" duration-ms="71" started-at="2017-08-09T17:13:42Z" finished-at="2017-08-09T17:13:42Z">
          <reporter-output>
          </reporter-output>
        </test-method> <!-- afterTest -->
      </class> <!-- com.core.renwuclcase.RenWuClCase05 -->
    </test> <!-- RenWuClCase05 -->
    <test name="RenWuClCase06" duration-ms="117090" started-at="2017-08-09T09:13:42Z" finished-at="2017-08-09T09:15:39Z">
      <class name="com.core.renwuclcase.RenWuClCase06">
        <test-method status="PASS" signature="beforeTest()[pri:0, instance:com.core.renwuclcase.RenWuClCase06@27c20538]" name="beforeTest" is-config="true" duration-ms="7860" started-at="2017-08-09T17:13:42Z" finished-at="2017-08-09T17:13:50Z">
          <reporter-output>
          </reporter-output>
        </test-method> <!-- beforeTest -->
        <test-method status="PASS" signature="zjznbRenWuJiaoBantj()[pri:0, instance:com.core.renwuclcase.RenWuClCase06@27c20538]" name="zjznbRenWuJiaoBantj" duration-ms="18053" started-at="2017-08-09T17:13:50Z" finished-at="2017-08-09T17:14:08Z">
          <reporter-output>
          </reporter-output>
        </test-method> <!-- zjznbRenWuJiaoBantj -->
        <test-method status="PASS" signature="zjzxChuLi()[pri:0, instance:com.core.renwuclcase.RenWuClCase06@27c20538]" name="zjzxChuLi" duration-ms="20463" started-at="2017-08-09T17:14:08Z" finished-at="2017-08-09T17:14:28Z">
          <reporter-output>
          </reporter-output>
        </test-method> <!-- zjzxChuLi -->
        <test-method status="PASS" signature="wgzChuLi()[pri:0, instance:com.core.renwuclcase.RenWuClCase06@27c20538]" name="wgzChuLi" duration-ms="36637" started-at="2017-08-09T17:14:28Z" finished-at="2017-08-09T17:15:05Z">
          <reporter-output>
          </reporter-output>
        </test-method> <!-- wgzChuLi -->
        <test-method status="PASS" signature="zjznbShenHe()[pri:0, instance:com.core.renwuclcase.RenWuClCase06@27c20538]" name="zjznbShenHe" duration-ms="34002" started-at="2017-08-09T17:15:05Z" finished-at="2017-08-09T17:15:39Z">
          <reporter-output>
          </reporter-output>
        </test-method> <!-- zjznbShenHe -->
        <test-method status="PASS" signature="afterTest()[pri:0, instance:com.core.renwuclcase.RenWuClCase06@27c20538]" name="afterTest" is-config="true" duration-ms="72" started-at="2017-08-09T17:15:39Z" finished-at="2017-08-09T17:15:39Z">
          <reporter-output>
          </reporter-output>
        </test-method> <!-- afterTest -->
      </class> <!-- com.core.renwuclcase.RenWuClCase06 -->
    </test> <!-- RenWuClCase06 -->
    <test name="RenWuClCase07" duration-ms="141011" started-at="2017-08-09T09:15:39Z" finished-at="2017-08-09T09:18:00Z">
      <class name="com.core.renwuclcase.RenWuClCase07">
        <test-method status="PASS" signature="beforeTest()[pri:0, instance:com.core.renwuclcase.RenWuClCase07@56ef9176]" name="beforeTest" is-config="true" duration-ms="7276" started-at="2017-08-09T17:15:39Z" finished-at="2017-08-09T17:15:46Z">
          <reporter-output>
          </reporter-output>
        </test-method> <!-- beforeTest -->
        <test-method status="PASS" signature="zjznbRenWuJiaoBantj()[pri:0, instance:com.core.renwuclcase.RenWuClCase07@56ef9176]" name="zjznbRenWuJiaoBantj" duration-ms="19117" started-at="2017-08-09T17:15:46Z" finished-at="2017-08-09T17:16:05Z">
          <reporter-output>
          </reporter-output>
        </test-method> <!-- zjznbRenWuJiaoBantj -->
        <test-method status="PASS" signature="zjzxChuLi()[pri:0, instance:com.core.renwuclcase.RenWuClCase07@56ef9176]" name="zjzxChuLi" duration-ms="20143" started-at="2017-08-09T17:16:05Z" finished-at="2017-08-09T17:16:26Z">
          <reporter-output>
          </reporter-output>
        </test-method> <!-- zjzxChuLi -->
        <test-method status="PASS" signature="wgzChuLi()[pri:0, instance:com.core.renwuclcase.RenWuClCase07@56ef9176]" name="wgzChuLi" duration-ms="36807" started-at="2017-08-09T17:16:26Z" finished-at="2017-08-09T17:17:02Z">
          <reporter-output>
          </reporter-output>
        </test-method> <!-- wgzChuLi -->
        <test-method status="PASS" signature="pqzShenHe()[pri:0, instance:com.core.renwuclcase.RenWuClCase07@56ef9176]" name="pqzShenHe" duration-ms="23858" started-at="2017-08-09T17:17:02Z" finished-at="2017-08-09T17:17:26Z">
          <reporter-output>
          </reporter-output>
        </test-method> <!-- pqzShenHe -->
        <test-method status="PASS" signature="zjznbShenHe()[pri:0, instance:com.core.renwuclcase.RenWuClCase07@56ef9176]" name="zjznbShenHe" duration-ms="33757" started-at="2017-08-09T17:17:26Z" finished-at="2017-08-09T17:18:00Z">
          <reporter-output>
          </reporter-output>
        </test-method> <!-- zjznbShenHe -->
        <test-method status="PASS" signature="afterTest()[pri:0, instance:com.core.renwuclcase.RenWuClCase07@56ef9176]" name="afterTest" is-config="true" duration-ms="49" started-at="2017-08-09T17:18:00Z" finished-at="2017-08-09T17:18:00Z">
          <reporter-output>
          </reporter-output>
        </test-method> <!-- afterTest -->
      </class> <!-- com.core.renwuclcase.RenWuClCase07 -->
    </test> <!-- RenWuClCase07 -->
    <test name="RenWuClCase08" duration-ms="161317" started-at="2017-08-09T09:18:00Z" finished-at="2017-08-09T09:20:42Z">
      <class name="com.core.renwuclcase.RenWuClCase08">
        <test-method status="PASS" signature="beforeTest()[pri:0, instance:com.core.renwuclcase.RenWuClCase08@3159c4b8]" name="beforeTest" is-config="true" duration-ms="7759" started-at="2017-08-09T17:18:00Z" finished-at="2017-08-09T17:18:08Z">
          <reporter-output>
          </reporter-output>
        </test-method> <!-- beforeTest -->
        <test-method status="PASS" signature="zjznbRenWuJiaoBantj()[pri:0, instance:com.core.renwuclcase.RenWuClCase08@3159c4b8]" name="zjznbRenWuJiaoBantj" duration-ms="19339" started-at="2017-08-09T17:18:08Z" finished-at="2017-08-09T17:18:27Z">
          <reporter-output>
          </reporter-output>
        </test-method> <!-- zjznbRenWuJiaoBantj -->
        <test-method status="PASS" signature="zjzxChuLi()[pri:0, instance:com.core.renwuclcase.RenWuClCase08@3159c4b8]" name="zjzxChuLi" duration-ms="19641" started-at="2017-08-09T17:18:27Z" finished-at="2017-08-09T17:18:47Z">
          <reporter-output>
          </reporter-output>
        </test-method> <!-- zjzxChuLi -->
        <test-method status="PASS" signature="pqzChuLi()[pri:0, instance:com.core.renwuclcase.RenWuClCase08@3159c4b8]" name="pqzChuLi" duration-ms="19306" started-at="2017-08-09T17:18:47Z" finished-at="2017-08-09T17:19:06Z">
          <reporter-output>
          </reporter-output>
        </test-method> <!-- pqzChuLi -->
        <test-method status="PASS" signature="wgzChuLi()[pri:0, instance:com.core.renwuclcase.RenWuClCase08@3159c4b8]" name="wgzChuLi" duration-ms="36611" started-at="2017-08-09T17:19:06Z" finished-at="2017-08-09T17:19:43Z">
          <reporter-output>
          </reporter-output>
        </test-method> <!-- wgzChuLi -->
        <test-method status="PASS" signature="pqzShenHe()[pri:0, instance:com.core.renwuclcase.RenWuClCase08@3159c4b8]" name="pqzShenHe" duration-ms="24515" started-at="2017-08-09T17:19:43Z" finished-at="2017-08-09T17:20:07Z">
          <reporter-output>
          </reporter-output>
        </test-method> <!-- pqzShenHe -->
        <test-method status="PASS" signature="zjznbShenHe()[pri:0, instance:com.core.renwuclcase.RenWuClCase08@3159c4b8]" name="zjznbShenHe" duration-ms="34070" started-at="2017-08-09T17:20:07Z" finished-at="2017-08-09T17:20:41Z">
          <reporter-output>
          </reporter-output>
        </test-method> <!-- zjznbShenHe -->
        <test-method status="PASS" signature="afterTest()[pri:0, instance:com.core.renwuclcase.RenWuClCase08@3159c4b8]" name="afterTest" is-config="true" duration-ms="68" started-at="2017-08-09T17:20:41Z" finished-at="2017-08-09T17:20:42Z">
          <reporter-output>
          </reporter-output>
        </test-method> <!-- afterTest -->
      </class> <!-- com.core.renwuclcase.RenWuClCase08 -->
    </test> <!-- RenWuClCase08 -->
    <test name="RenWuClCase09" duration-ms="100093" started-at="2017-08-09T09:20:42Z" finished-at="2017-08-09T09:22:22Z">
      <class name="com.core.renwuclcase.RenWuClCase09">
        <test-method status="PASS" signature="beforeTest()[pri:0, instance:com.core.renwuclcase.RenWuClCase09@192b07fd]" name="beforeTest" is-config="true" duration-ms="8626" started-at="2017-08-09T17:20:42Z" finished-at="2017-08-09T17:20:50Z">
          <reporter-output>
          </reporter-output>
        </test-method> <!-- beforeTest -->
        <test-method status="PASS" signature="zjzxRenWuJiaoBantj()[pri:0, instance:com.core.renwuclcase.RenWuClCase09@192b07fd]" name="zjzxRenWuJiaoBantj" duration-ms="19163" started-at="2017-08-09T17:20:50Z" finished-at="2017-08-09T17:21:09Z">
          <reporter-output>
          </reporter-output>
        </test-method> <!-- zjzxRenWuJiaoBantj -->
        <test-method status="PASS" signature="wgzChuLi()[pri:0, instance:com.core.renwuclcase.RenWuClCase09@192b07fd]" name="wgzChuLi" duration-ms="38354" started-at="2017-08-09T17:21:09Z" finished-at="2017-08-09T17:21:48Z">
          <reporter-output>
          </reporter-output>
        </test-method> <!-- wgzChuLi -->
        <test-method status="PASS" signature="zjzxShenHe()[pri:0, instance:com.core.renwuclcase.RenWuClCase09@192b07fd]" name="zjzxShenHe" duration-ms="33884" started-at="2017-08-09T17:21:48Z" finished-at="2017-08-09T17:22:22Z">
          <reporter-output>
          </reporter-output>
        </test-method> <!-- zjzxShenHe -->
        <test-method status="PASS" signature="afterTest()[pri:0, instance:com.core.renwuclcase.RenWuClCase09@192b07fd]" name="afterTest" is-config="true" duration-ms="62" started-at="2017-08-09T17:22:22Z" finished-at="2017-08-09T17:22:22Z">
          <reporter-output>
          </reporter-output>
        </test-method> <!-- afterTest -->
      </class> <!-- com.core.renwuclcase.RenWuClCase09 -->
    </test> <!-- RenWuClCase09 -->
    <test name="RenWuClCase10" duration-ms="123953" started-at="2017-08-09T09:22:22Z" finished-at="2017-08-09T09:24:26Z">
      <class name="com.core.renwuclcase.RenWuClCase10">
        <test-method status="PASS" signature="beforeTest()[pri:0, instance:com.core.renwuclcase.RenWuClCase10@7e0b0338]" name="beforeTest" is-config="true" duration-ms="8904" started-at="2017-08-09T17:22:22Z" finished-at="2017-08-09T17:22:31Z">
          <reporter-output>
          </reporter-output>
        </test-method> <!-- beforeTest -->
        <test-method status="PASS" signature="zjzxRenWuJiaoBantj()[pri:0, instance:com.core.renwuclcase.RenWuClCase10@7e0b0338]" name="zjzxRenWuJiaoBantj" duration-ms="20089" started-at="2017-08-09T17:22:31Z" finished-at="2017-08-09T17:22:51Z">
          <reporter-output>
          </reporter-output>
        </test-method> <!-- zjzxRenWuJiaoBantj -->
        <test-method status="PASS" signature="wgzChuLi()[pri:0, instance:com.core.renwuclcase.RenWuClCase10@7e0b0338]" name="wgzChuLi" duration-ms="36694" started-at="2017-08-09T17:22:51Z" finished-at="2017-08-09T17:23:27Z">
          <reporter-output>
          </reporter-output>
        </test-method> <!-- wgzChuLi -->
        <test-method status="PASS" signature="pqzShenHe()[pri:0, instance:com.core.renwuclcase.RenWuClCase10@7e0b0338]" name="pqzShenHe" duration-ms="24236" started-at="2017-08-09T17:23:27Z" finished-at="2017-08-09T17:23:52Z">
          <reporter-output>
          </reporter-output>
        </test-method> <!-- pqzShenHe -->
        <test-method status="PASS" signature="zjzxShenHe()[pri:0, instance:com.core.renwuclcase.RenWuClCase10@7e0b0338]" name="zjzxShenHe" duration-ms="33979" started-at="2017-08-09T17:23:52Z" finished-at="2017-08-09T17:24:26Z">
          <reporter-output>
          </reporter-output>
        </test-method> <!-- zjzxShenHe -->
        <test-method status="PASS" signature="afterTest()[pri:0, instance:com.core.renwuclcase.RenWuClCase10@7e0b0338]" name="afterTest" is-config="true" duration-ms="48" started-at="2017-08-09T17:24:26Z" finished-at="2017-08-09T17:24:26Z">
          <reporter-output>
          </reporter-output>
        </test-method> <!-- afterTest -->
      </class> <!-- com.core.renwuclcase.RenWuClCase10 -->
    </test> <!-- RenWuClCase10 -->
    <test name="RenWuClCase11" duration-ms="121165" started-at="2017-08-09T09:24:26Z" finished-at="2017-08-09T09:26:27Z">
      <class name="com.core.renwuclcase.RenWuClCase11">
        <test-method status="PASS" signature="beforeTest()[pri:0, instance:com.core.renwuclcase.RenWuClCase11@31610302]" name="beforeTest" is-config="true" duration-ms="8605" started-at="2017-08-09T17:24:26Z" finished-at="2017-08-09T17:24:34Z">
          <reporter-output>
          </reporter-output>
        </test-method> <!-- beforeTest -->
        <test-method status="PASS" signature="zjzxRenWuJiaoBantj()[pri:0, instance:com.core.renwuclcase.RenWuClCase11@31610302]" name="zjzxRenWuJiaoBantj" duration-ms="21939" started-at="2017-08-09T17:24:34Z" finished-at="2017-08-09T17:24:56Z">
          <reporter-output>
          </reporter-output>
        </test-method> <!-- zjzxRenWuJiaoBantj -->
        <test-method status="PASS" signature="pqzChuLi()[pri:0, instance:com.core.renwuclcase.RenWuClCase11@31610302]" name="pqzChuLi" duration-ms="19836" started-at="2017-08-09T17:24:56Z" finished-at="2017-08-09T17:25:16Z">
          <reporter-output>
          </reporter-output>
        </test-method> <!-- pqzChuLi -->
        <test-method status="PASS" signature="wgzChuLi()[pri:0, instance:com.core.renwuclcase.RenWuClCase11@31610302]" name="wgzChuLi" duration-ms="36864" started-at="2017-08-09T17:25:16Z" finished-at="2017-08-09T17:25:53Z">
          <reporter-output>
          </reporter-output>
        </test-method> <!-- wgzChuLi -->
        <test-method status="PASS" signature="pqzShenHe()[pri:0, instance:com.core.renwuclcase.RenWuClCase11@31610302]" name="pqzShenHe" duration-ms="24944" started-at="2017-08-09T17:25:53Z" finished-at="2017-08-09T17:26:18Z">
          <reporter-output>
          </reporter-output>
        </test-method> <!-- pqzShenHe -->
        <test-method status="FAIL" signature="zjzxShenHe()[pri:0, instance:com.core.renwuclcase.RenWuClCase11@31610302]" name="zjzxShenHe" duration-ms="8929" started-at="2017-08-09T17:26:18Z" finished-at="2017-08-09T17:26:27Z">
          <exception class="org.openqa.selenium.WebDriverException">
            <message>
              <![CDATA[unknown error: Element <a href="#" onclick="optJump(&quot;zxsh&quot;, &quot;SXR201708090009&quot;)">...</a> is not clickable at point (1306, 182). Other element would receive the click: <div class="datagrid-mask" style="display:block"></div>
  (Session info: chrome=59.0.3071.86)
  (Driver info: chromedriver=2.30.477700 (0057494ad8732195794a7b32078424f92a5fce41),platform=Windows NT 6.1.7600 x86_64) (WARNING: The server did not provide any stacktrace information)
Command duration or timeout: 46 milliseconds
Build info: version: 'unknown', revision: 'unknown', time: 'unknown'
System info: host: 'BAD-PC', ip: '192.168.71.23', os.name: 'Windows 7', os.arch: 'amd64', os.version: '6.1', java.version: '1.8.0_92'
Driver info: org.openqa.selenium.chrome.ChromeDriver
Capabilities [{applicationCacheEnabled=false, rotatable=false, mobileEmulationEnabled=false, networkConnectionEnabled=false, chrome={chromedriverVersion=2.30.477700 (0057494ad8732195794a7b32078424f92a5fce41), userDataDir=C:\Users\ADMINI~1\AppData\Local\Temp\scoped_dir9616_25129}, takesHeapSnapshot=true, pageLoadStrategy=normal, databaseEnabled=false, handlesAlerts=true, hasTouchScreen=false, version=59.0.3071.86, platform=XP, browserConnectionEnabled=false, nativeEvents=true, acceptSslCerts=true, locationContextEnabled=true, webStorageEnabled=true, browserName=chrome, takesScreenshot=true, javascriptEnabled=true, cssSelectorsEnabled=true, unexpectedAlertBehaviour=}]
Session ID: 83452a4e771739cb21da016ed8ac1d2f]]>
            </message>
            <full-stacktrace>
              <![CDATA[org.openqa.selenium.WebDriverException: unknown error: Element <a href="#" onclick="optJump(&quot;zxsh&quot;, &quot;SXR201708090009&quot;)">...</a> is not clickable at point (1306, 182). Other element would receive the click: <div class="datagrid-mask" style="display:block"></div>
  (Session info: chrome=59.0.3071.86)
  (Driver info: chromedriver=2.30.477700 (0057494ad8732195794a7b32078424f92a5fce41),platform=Windows NT 6.1.7600 x86_64) (WARNING: The server did not provide any stacktrace information)
Command duration or timeout: 46 milliseconds
Build info: version: 'unknown', revision: 'unknown', time: 'unknown'
System info: host: 'BAD-PC', ip: '192.168.71.23', os.name: 'Windows 7', os.arch: 'amd64', os.version: '6.1', java.version: '1.8.0_92'
Driver info: org.openqa.selenium.chrome.ChromeDriver
Capabilities [{applicationCacheEnabled=false, rotatable=false, mobileEmulationEnabled=false, networkConnectionEnabled=false, chrome={chromedriverVersion=2.30.477700 (0057494ad8732195794a7b32078424f92a5fce41), userDataDir=C:\Users\ADMINI~1\AppData\Local\Temp\scoped_dir9616_25129}, takesHeapSnapshot=true, pageLoadStrategy=normal, databaseEnabled=false, handlesAlerts=true, hasTouchScreen=false, version=59.0.3071.86, platform=XP, browserConnectionEnabled=false, nativeEvents=true, acceptSslCerts=true, locationContextEnabled=true, webStorageEnabled=true, browserName=chrome, takesScreenshot=true, javascriptEnabled=true, cssSelectorsEnabled=true, unexpectedAlertBehaviour=}]
Session ID: 83452a4e771739cb21da016ed8ac1d2f
	at sun.reflect.NativeConstructorAccessorImpl.newInstance0(Native Method)
	at sun.reflect.NativeConstructorAccessorImpl.newInstance(NativeConstructorAccessorImpl.java:62)
	at sun.reflect.DelegatingConstructorAccessorImpl.newInstance(DelegatingConstructorAccessorImpl.java:45)
	at java.lang.reflect.Constructor.newInstance(Constructor.java:423)
	at org.openqa.selenium.remote.ErrorHandler.createThrowable(ErrorHandler.java:215)
	at org.openqa.selenium.remote.ErrorHandler.throwIfResponseFailed(ErrorHandler.java:167)
	at org.openqa.selenium.remote.RemoteWebDriver.execute(RemoteWebDriver.java:671)
	at org.openqa.selenium.remote.RemoteWebElement.execute(RemoteWebElement.java:272)
	at org.openqa.selenium.remote.RemoteWebElement.click(RemoteWebElement.java:82)
	at com.core.page.base.AbstractPage.clickByXpath(AbstractPage.java:48)
	at com.core.page.task.DclTask.clickTaskShenHe(DclTask.java:62)
	at com.core.renwuclcase.RenWuClCase11.zjzxShenHe(RenWuClCase11.java:182)
	at sun.reflect.NativeMethodAccessorImpl.invoke0(Native Method)
	at sun.reflect.NativeMethodAccessorImpl.invoke(NativeMethodAccessorImpl.java:62)
	at sun.reflect.DelegatingMethodAccessorImpl.invoke(DelegatingMethodAccessorImpl.java:43)
	at java.lang.reflect.Method.invoke(Method.java:498)
	at org.testng.internal.MethodInvocationHelper.invokeMethod(MethodInvocationHelper.java:108)
	at org.testng.internal.Invoker.invokeMethod(Invoker.java:661)
	at org.testng.internal.Invoker.invokeTestMethod(Invoker.java:869)
	at org.testng.internal.Invoker.invokeTestMethods(Invoker.java:1193)
	at org.testng.internal.TestMethodWorker.invokeTestMethods(TestMethodWorker.java:126)
	at org.testng.internal.TestMethodWorker.run(TestMethodWorker.java:109)
	at org.testng.TestRunner.privateRun(TestRunner.java:744)
	at org.testng.TestRunner.run(TestRunner.java:602)
	at org.testng.SuiteRunner.runTest(SuiteRunner.java:380)
	at org.testng.SuiteRunner.runSequentially(SuiteRunner.java:375)
	at org.testng.SuiteRunner.privateRun(SuiteRunner.java:340)
	at org.testng.SuiteRunner.run(SuiteRunner.java:289)
	at org.testng.SuiteRunnerWorker.runSuite(SuiteRunnerWorker.java:52)
	at org.testng.SuiteRunnerWorker.run(SuiteRunnerWorker.java:86)
	at org.testng.TestNG.runSuitesSequentially(TestNG.java:1301)
	at org.testng.TestNG.runSuitesLocally(TestNG.java:1226)
	at org.testng.TestNG.runSuites(TestNG.java:1144)
	at org.testng.TestNG.run(TestNG.java:1115)
	at org.testng.remote.AbstractRemoteTestNG.run(AbstractRemoteTestNG.java:132)
	at org.testng.remote.RemoteTestNG.initAndRun(RemoteTestNG.java:230)
	at org.testng.remote.RemoteTestNG.main(RemoteTestNG.java:76)
]]>
            </full-stacktrace>
          </exception> <!-- org.openqa.selenium.WebDriverException -->
          <reporter-output>
          </reporter-output>
        </test-method> <!-- zjzxShenHe -->
        <test-method status="PASS" signature="afterTest()[pri:0, instance:com.core.renwuclcase.RenWuClCase11@31610302]" name="afterTest" is-config="true" duration-ms="43" started-at="2017-08-09T17:26:27Z" finished-at="2017-08-09T17:26:27Z">
          <reporter-output>
          </reporter-output>
        </test-method> <!-- afterTest -->
      </class> <!-- com.core.renwuclcase.RenWuClCase11 -->
    </test> <!-- RenWuClCase11 -->
    <test name="RenWuClCase12" duration-ms="62330" started-at="2017-08-09T09:26:27Z" finished-at="2017-08-09T09:27:29Z">
      <class name="com.core.renwuclcase.RenWuClCase12">
        <test-method status="PASS" signature="beforeTest()[pri:0, instance:com.core.renwuclcase.RenWuClCase12@5ce81285]" name="beforeTest" is-config="true" duration-ms="7650" started-at="2017-08-09T17:26:27Z" finished-at="2017-08-09T17:26:35Z">
          <reporter-output>
          </reporter-output>
        </test-method> <!-- beforeTest -->
        <test-method status="PASS" signature="pqzRenWuJiaoBantj()[pri:0, instance:com.core.renwuclcase.RenWuClCase12@5ce81285]" name="pqzRenWuJiaoBantj" duration-ms="21299" started-at="2017-08-09T17:26:35Z" finished-at="2017-08-09T17:26:56Z">
          <reporter-output>
          </reporter-output>
        </test-method> <!-- pqzRenWuJiaoBantj -->
        <test-method status="FAIL" signature="wgzChuLi()[pri:0, instance:com.core.renwuclcase.RenWuClCase12@5ce81285]" name="wgzChuLi" duration-ms="30282" started-at="2017-08-09T17:26:56Z" finished-at="2017-08-09T17:27:26Z">
          <exception class="org.openqa.selenium.WebDriverException">
            <message>
              <![CDATA[unknown error: Element <a href="#" onclick="optJump(&quot;wgcl&quot;, &quot;SXR201708090010&quot;)">...</a> is not clickable at point (1306, 182). Other element would receive the click: <div class="datagrid-mask" style="display:block"></div>
  (Session info: chrome=59.0.3071.86)
  (Driver info: chromedriver=2.30.477700 (0057494ad8732195794a7b32078424f92a5fce41),platform=Windows NT 6.1.7600 x86_64) (WARNING: The server did not provide any stacktrace information)
Command duration or timeout: 48 milliseconds
Build info: version: 'unknown', revision: 'unknown', time: 'unknown'
System info: host: 'BAD-PC', ip: '192.168.71.23', os.name: 'Windows 7', os.arch: 'amd64', os.version: '6.1', java.version: '1.8.0_92'
Driver info: org.openqa.selenium.chrome.ChromeDriver
Capabilities [{applicationCacheEnabled=false, rotatable=false, mobileEmulationEnabled=false, networkConnectionEnabled=false, chrome={chromedriverVersion=2.30.477700 (0057494ad8732195794a7b32078424f92a5fce41), userDataDir=C:\Users\ADMINI~1\AppData\Local\Temp\scoped_dir1000_24528}, takesHeapSnapshot=true, pageLoadStrategy=normal, databaseEnabled=false, handlesAlerts=true, hasTouchScreen=false, version=59.0.3071.86, platform=XP, browserConnectionEnabled=false, nativeEvents=true, acceptSslCerts=true, locationContextEnabled=true, webStorageEnabled=true, browserName=chrome, takesScreenshot=true, javascriptEnabled=true, cssSelectorsEnabled=true, unexpectedAlertBehaviour=}]
Session ID: 8bee0858353eb464741a1958652180b2]]>
            </message>
            <full-stacktrace>
              <![CDATA[org.openqa.selenium.WebDriverException: unknown error: Element <a href="#" onclick="optJump(&quot;wgcl&quot;, &quot;SXR201708090010&quot;)">...</a> is not clickable at point (1306, 182). Other element would receive the click: <div class="datagrid-mask" style="display:block"></div>
  (Session info: chrome=59.0.3071.86)
  (Driver info: chromedriver=2.30.477700 (0057494ad8732195794a7b32078424f92a5fce41),platform=Windows NT 6.1.7600 x86_64) (WARNING: The server did not provide any stacktrace information)
Command duration or timeout: 48 milliseconds
Build info: version: 'unknown', revision: 'unknown', time: 'unknown'
System info: host: 'BAD-PC', ip: '192.168.71.23', os.name: 'Windows 7', os.arch: 'amd64', os.version: '6.1', java.version: '1.8.0_92'
Driver info: org.openqa.selenium.chrome.ChromeDriver
Capabilities [{applicationCacheEnabled=false, rotatable=false, mobileEmulationEnabled=false, networkConnectionEnabled=false, chrome={chromedriverVersion=2.30.477700 (0057494ad8732195794a7b32078424f92a5fce41), userDataDir=C:\Users\ADMINI~1\AppData\Local\Temp\scoped_dir1000_24528}, takesHeapSnapshot=true, pageLoadStrategy=normal, databaseEnabled=false, handlesAlerts=true, hasTouchScreen=false, version=59.0.3071.86, platform=XP, browserConnectionEnabled=false, nativeEvents=true, acceptSslCerts=true, locationContextEnabled=true, webStorageEnabled=true, browserName=chrome, takesScreenshot=true, javascriptEnabled=true, cssSelectorsEnabled=true, unexpectedAlertBehaviour=}]
Session ID: 8bee0858353eb464741a1958652180b2
	at sun.reflect.NativeConstructorAccessorImpl.newInstance0(Native Method)
	at sun.reflect.NativeConstructorAccessorImpl.newInstance(NativeConstructorAccessorImpl.java:62)
	at sun.reflect.DelegatingConstructorAccessorImpl.newInstance(DelegatingConstructorAccessorImpl.java:45)
	at java.lang.reflect.Constructor.newInstance(Constructor.java:423)
	at org.openqa.selenium.remote.ErrorHandler.createThrowable(ErrorHandler.java:215)
	at org.openqa.selenium.remote.ErrorHandler.throwIfResponseFailed(ErrorHandler.java:167)
	at org.openqa.selenium.remote.RemoteWebDriver.execute(RemoteWebDriver.java:671)
	at org.openqa.selenium.remote.RemoteWebElement.execute(RemoteWebElement.java:272)
	at org.openqa.selenium.remote.RemoteWebElement.click(RemoteWebElement.java:82)
	at com.core.page.base.AbstractPage.clickByXpath(AbstractPage.java:48)
	at com.core.page.task.DclTask.clickChuLi(DclTask.java:48)
	at com.core.renwuclcase.RenWuClCase12.wgzChuLi(RenWuClCase12.java:106)
	at sun.reflect.NativeMethodAccessorImpl.invoke0(Native Method)
	at sun.reflect.NativeMethodAccessorImpl.invoke(NativeMethodAccessorImpl.java:62)
	at sun.reflect.DelegatingMethodAccessorImpl.invoke(DelegatingMethodAccessorImpl.java:43)
	at java.lang.reflect.Method.invoke(Method.java:498)
	at org.testng.internal.MethodInvocationHelper.invokeMethod(MethodInvocationHelper.java:108)
	at org.testng.internal.Invoker.invokeMethod(Invoker.java:661)
	at org.testng.internal.Invoker.invokeTestMethod(Invoker.java:869)
	at org.testng.internal.Invoker.invokeTestMethods(Invoker.java:1193)
	at org.testng.internal.TestMethodWorker.invokeTestMethods(TestMethodWorker.java:126)
	at org.testng.internal.TestMethodWorker.run(TestMethodWorker.java:109)
	at org.testng.TestRunner.privateRun(TestRunner.java:744)
	at org.testng.TestRunner.run(TestRunner.java:602)
	at org.testng.SuiteRunner.runTest(SuiteRunner.java:380)
	at org.testng.SuiteRunner.runSequentially(SuiteRunner.java:375)
	at org.testng.SuiteRunner.privateRun(SuiteRunner.java:340)
	at org.testng.SuiteRunner.run(SuiteRunner.java:289)
	at org.testng.SuiteRunnerWorker.runSuite(SuiteRunnerWorker.java:52)
	at org.testng.SuiteRunnerWorker.run(SuiteRunnerWorker.java:86)
	at org.testng.TestNG.runSuitesSequentially(TestNG.java:1301)
	at org.testng.TestNG.runSuitesLocally(TestNG.java:1226)
	at org.testng.TestNG.runSuites(TestNG.java:1144)
	at org.testng.TestNG.run(TestNG.java:1115)
	at org.testng.remote.AbstractRemoteTestNG.run(AbstractRemoteTestNG.java:132)
	at org.testng.remote.RemoteTestNG.initAndRun(RemoteTestNG.java:230)
	at org.testng.remote.RemoteTestNG.main(RemoteTestNG.java:76)
]]>
            </full-stacktrace>
          </exception> <!-- org.openqa.selenium.WebDriverException -->
          <reporter-output>
          </reporter-output>
        </test-method> <!-- wgzChuLi -->
        <test-method status="FAIL" signature="pqzShenHe()[pri:0, instance:com.core.renwuclcase.RenWuClCase12@5ce81285]" name="pqzShenHe" duration-ms="3038" started-at="2017-08-09T17:27:26Z" finished-at="2017-08-09T17:27:29Z">
          <exception class="org.openqa.selenium.NoSuchElementException">
            <message>
              <![CDATA[no such element: Unable to locate element: {"method":"name","selector":"username"}
  (Session info: chrome=59.0.3071.86)
  (Driver info: chromedriver=2.30.477700 (0057494ad8732195794a7b32078424f92a5fce41),platform=Windows NT 6.1.7600 x86_64) (WARNING: The server did not provide any stacktrace information)
Command duration or timeout: 3.04 seconds
For documentation on this error, please visit: http://seleniumhq.org/exceptions/no_such_element.html
Build info: version: 'unknown', revision: 'unknown', time: 'unknown'
System info: host: 'BAD-PC', ip: '192.168.71.23', os.name: 'Windows 7', os.arch: 'amd64', os.version: '6.1', java.version: '1.8.0_92'
Driver info: org.openqa.selenium.chrome.ChromeDriver
Capabilities [{applicationCacheEnabled=false, rotatable=false, mobileEmulationEnabled=false, networkConnectionEnabled=false, chrome={chromedriverVersion=2.30.477700 (0057494ad8732195794a7b32078424f92a5fce41), userDataDir=C:\Users\ADMINI~1\AppData\Local\Temp\scoped_dir1000_24528}, takesHeapSnapshot=true, pageLoadStrategy=normal, databaseEnabled=false, handlesAlerts=true, hasTouchScreen=false, version=59.0.3071.86, platform=XP, browserConnectionEnabled=false, nativeEvents=true, acceptSslCerts=true, locationContextEnabled=true, webStorageEnabled=true, browserName=chrome, takesScreenshot=true, javascriptEnabled=true, cssSelectorsEnabled=true, unexpectedAlertBehaviour=}]
Session ID: 8bee0858353eb464741a1958652180b2
*** Element info: {Using=name, value=username}]]>
            </message>
            <full-stacktrace>
              <![CDATA[org.openqa.selenium.NoSuchElementException: no such element: Unable to locate element: {"method":"name","selector":"username"}
  (Session info: chrome=59.0.3071.86)
  (Driver info: chromedriver=2.30.477700 (0057494ad8732195794a7b32078424f92a5fce41),platform=Windows NT 6.1.7600 x86_64) (WARNING: The server did not provide any stacktrace information)
Command duration or timeout: 3.04 seconds
For documentation on this error, please visit: http://seleniumhq.org/exceptions/no_such_element.html
Build info: version: 'unknown', revision: 'unknown', time: 'unknown'
System info: host: 'BAD-PC', ip: '192.168.71.23', os.name: 'Windows 7', os.arch: 'amd64', os.version: '6.1', java.version: '1.8.0_92'
Driver info: org.openqa.selenium.chrome.ChromeDriver
Capabilities [{applicationCacheEnabled=false, rotatable=false, mobileEmulationEnabled=false, networkConnectionEnabled=false, chrome={chromedriverVersion=2.30.477700 (0057494ad8732195794a7b32078424f92a5fce41), userDataDir=C:\Users\ADMINI~1\AppData\Local\Temp\scoped_dir1000_24528}, takesHeapSnapshot=true, pageLoadStrategy=normal, databaseEnabled=false, handlesAlerts=true, hasTouchScreen=false, version=59.0.3071.86, platform=XP, browserConnectionEnabled=false, nativeEvents=true, acceptSslCerts=true, locationContextEnabled=true, webStorageEnabled=true, browserName=chrome, takesScreenshot=true, javascriptEnabled=true, cssSelectorsEnabled=true, unexpectedAlertBehaviour=}]
Session ID: 8bee0858353eb464741a1958652180b2
*** Element info: {Using=name, value=username}
	at sun.reflect.NativeConstructorAccessorImpl.newInstance0(Native Method)
	at sun.reflect.NativeConstructorAccessorImpl.newInstance(NativeConstructorAccessorImpl.java:62)
	at sun.reflect.DelegatingConstructorAccessorImpl.newInstance(DelegatingConstructorAccessorImpl.java:45)
	at java.lang.reflect.Constructor.newInstance(Constructor.java:423)
	at org.openqa.selenium.remote.ErrorHandler.createThrowable(ErrorHandler.java:215)
	at org.openqa.selenium.remote.ErrorHandler.throwIfResponseFailed(ErrorHandler.java:167)
	at org.openqa.selenium.remote.RemoteWebDriver.execute(RemoteWebDriver.java:671)
	at org.openqa.selenium.remote.RemoteWebDriver.findElement(RemoteWebDriver.java:410)
	at org.openqa.selenium.remote.RemoteWebDriver.findElementByName(RemoteWebDriver.java:485)
	at org.openqa.selenium.By$ByName.findElement(By.java:303)
	at org.openqa.selenium.remote.RemoteWebDriver.findElement(RemoteWebDriver.java:402)
	at com.core.webdriver.CoreBrowser.findElement(CoreBrowser.java:32)
	at com.core.page.base.AbstractPage.setInputByName(AbstractPage.java:64)
	at com.core.page.LoginPage.setUserName(LoginPage.java:13)
	at com.core.page.LoginPage.login(LoginPage.java:25)
	at com.core.renwuclcase.RenWuClCase12.pqzShenHe(RenWuClCase12.java:120)
	at sun.reflect.NativeMethodAccessorImpl.invoke0(Native Method)
	at sun.reflect.NativeMethodAccessorImpl.invoke(NativeMethodAccessorImpl.java:62)
	at sun.reflect.DelegatingMethodAccessorImpl.invoke(DelegatingMethodAccessorImpl.java:43)
	at java.lang.reflect.Method.invoke(Method.java:498)
	at org.testng.internal.MethodInvocationHelper.invokeMethod(MethodInvocationHelper.java:108)
	at org.testng.internal.Invoker.invokeMethod(Invoker.java:661)
	at org.testng.internal.Invoker.invokeTestMethod(Invoker.java:869)
	at org.testng.internal.Invoker.invokeTestMethods(Invoker.java:1193)
	at org.testng.internal.TestMethodWorker.invokeTestMethods(TestMethodWorker.java:126)
	at org.testng.internal.TestMethodWorker.run(TestMethodWorker.java:109)
	at org.testng.TestRunner.privateRun(TestRunner.java:744)
	at org.testng.TestRunner.run(TestRunner.java:602)
	at org.testng.SuiteRunner.runTest(SuiteRunner.java:380)
	at org.testng.SuiteRunner.runSequentially(SuiteRunner.java:375)
	at org.testng.SuiteRunner.privateRun(SuiteRunner.java:340)
	at org.testng.SuiteRunner.run(SuiteRunner.java:289)
	at org.testng.SuiteRunnerWorker.runSuite(SuiteRunnerWorker.java:52)
	at org.testng.SuiteRunnerWorker.run(SuiteRunnerWorker.java:86)
	at org.testng.TestNG.runSuitesSequentially(TestNG.java:1301)
	at org.testng.TestNG.runSuitesLocally(TestNG.java:1226)
	at org.testng.TestNG.runSuites(TestNG.java:1144)
	at org.testng.TestNG.run(TestNG.java:1115)
	at org.testng.remote.AbstractRemoteTestNG.run(AbstractRemoteTestNG.java:132)
	at org.testng.remote.RemoteTestNG.initAndRun(RemoteTestNG.java:230)
	at org.testng.remote.RemoteTestNG.main(RemoteTestNG.java:76)
]]>
            </full-stacktrace>
          </exception> <!-- org.openqa.selenium.NoSuchElementException -->
          <reporter-output>
          </reporter-output>
        </test-method> <!-- pqzShenHe -->
        <test-method status="PASS" signature="afterTest()[pri:0, instance:com.core.renwuclcase.RenWuClCase12@5ce81285]" name="afterTest" is-config="true" duration-ms="58" started-at="2017-08-09T17:27:29Z" finished-at="2017-08-09T17:27:29Z">
          <reporter-output>
          </reporter-output>
        </test-method> <!-- afterTest -->
      </class> <!-- com.core.renwuclcase.RenWuClCase12 -->
    </test> <!-- RenWuClCase12 -->
    <test name="RenWuClCase13" duration-ms="203434" started-at="2017-08-09T09:27:29Z" finished-at="2017-08-09T09:30:53Z">
      <class name="com.core.renwuclcase.RenWuClCase13">
        <test-method status="PASS" signature="beforeTest()[pri:0, instance:com.core.renwuclcase.RenWuClCase13@6fc6f14e]" name="beforeTest" is-config="true" duration-ms="6961" started-at="2017-08-09T17:27:29Z" finished-at="2017-08-09T17:27:36Z">
          <reporter-output>
          </reporter-output>
        </test-method> <!-- beforeTest -->
        <test-method status="PASS" signature="qxzxRenWuJiaoBantj()[pri:0, instance:com.core.renwuclcase.RenWuClCase13@6fc6f14e]" name="qxzxRenWuJiaoBantj" duration-ms="40070" started-at="2017-08-09T17:27:36Z" finished-at="2017-08-09T17:28:16Z">
          <reporter-output>
          </reporter-output>
        </test-method> <!-- qxzxRenWuJiaoBantj -->
        <test-method status="PASS" signature="zjzxXiaFa()[pri:0, instance:com.core.renwuclcase.RenWuClCase13@6fc6f14e]" name="zjzxXiaFa" duration-ms="25138" started-at="2017-08-09T17:28:16Z" finished-at="2017-08-09T17:28:41Z">
          <reporter-output>
          </reporter-output>
        </test-method> <!-- zjzxXiaFa -->
        <test-method status="PASS" signature="wgzChuLi()[pri:0, instance:com.core.renwuclcase.RenWuClCase13@6fc6f14e]" name="wgzChuLi" duration-ms="36595" started-at="2017-08-09T17:28:41Z" finished-at="2017-08-09T17:29:18Z">
          <reporter-output>
          </reporter-output>
        </test-method> <!-- wgzChuLi -->
        <test-method status="PASS" signature="zjzxShenHe()[pri:0, instance:com.core.renwuclcase.RenWuClCase13@6fc6f14e]" name="zjzxShenHe" duration-ms="34241" started-at="2017-08-09T17:29:18Z" finished-at="2017-08-09T17:29:52Z">
          <reporter-output>
          </reporter-output>
        </test-method> <!-- zjzxShenHe -->
        <test-method status="PASS" signature="zjzxChuLi()[pri:0, instance:com.core.renwuclcase.RenWuClCase13@6fc6f14e]" name="zjzxChuLi" duration-ms="18431" started-at="2017-08-09T17:29:52Z" finished-at="2017-08-09T17:30:11Z">
          <reporter-output>
          </reporter-output>
        </test-method> <!-- zjzxChuLi -->
        <test-method status="PASS" signature="qxzxShenHe()[pri:0, instance:com.core.renwuclcase.RenWuClCase13@6fc6f14e]" name="qxzxShenHe" duration-ms="41951" started-at="2017-08-09T17:30:11Z" finished-at="2017-08-09T17:30:53Z">
          <reporter-output>
          </reporter-output>
        </test-method> <!-- qxzxShenHe -->
        <test-method status="PASS" signature="afterTest()[pri:0, instance:com.core.renwuclcase.RenWuClCase13@6fc6f14e]" name="afterTest" is-config="true" duration-ms="43" started-at="2017-08-09T17:30:53Z" finished-at="2017-08-09T17:30:53Z">
          <reporter-output>
          </reporter-output>
        </test-method> <!-- afterTest -->
      </class> <!-- com.core.renwuclcase.RenWuClCase13 -->
    </test> <!-- RenWuClCase13 -->
  </suite> <!-- renwuclcase -->
</testng-results>
